#
# A fatal error has been detected by the Java Runtime Environment:
#
#  SIGSEGV (0xb) at pc=0x00007f39b6e09eb2, pid=5670, tid=0x00007f39b682a700
#
# JRE version: OpenJDK Runtime Environment (8.0_312-b07) (build 1.8.0_312-8u312-b07-0ubuntu1~20.04-b07)
# Java VM: OpenJDK 64-Bit Server VM (25.312-b07 mixed mode linux-amd64 compressed oops)
# Problematic frame:
# C  [libatk-bridge-2.0.so.0+0x13eb2]
#
# Failed to write core dump. Core dumps have been disabled. To enable core dumping, try "ulimit -c unlimited" before starting Java again
#
# If you would like to submit a bug report, please visit:
#   http://bugreport.java.com/bugreport/crash.jsp
# The crash happened outside the Java Virtual Machine in native code.
# See problematic frame for where to report the bug.
#

---------------  T H R E A D  ---------------

Current thread (0x00007f39d8354000):  JavaThread "AWT-EventQueue-1" [_thread_in_native, id=5695, stack(0x00007f39b672a000,0x00007f39b682b000)]

siginfo: si_signo: 11 (SIGSEGV), si_code: 1 (SEGV_MAPERR), si_addr: 0x0000000000000038

Registers:
RAX=0x0000000000000000, RBX=0x0000000000000001, RCX=0x00007f397c004ca0, RDX=0x0000000000000000
RSP=0x00007f39b6827b60, RBP=0x00007f397c002a80, RSI=0x0000000000000000, RDI=0x00007f397c002a80
R8 =0x00007f397c004c90, R9 =0x0000000000000010, R10=0xfffffffffffff0df, R11=0x00007f39b6e0a360
R12=0x00007f39b6e2c038, R13=0x00007f39c5f6e7b0, R14=0x00007f39b6827c10, R15=0x00007f39d8354000
RIP=0x00007f39b6e09eb2, EFLAGS=0x0000000000010206, CSGSFS=0x002b000000000033, ERR=0x0000000000000004
  TRAPNO=0x000000000000000e

Top of Stack: (sp=0x00007f39b6827b60)
0x00007f39b6827b60:   0000000000000001 00007f39b6e81540
0x00007f39b6827b70:   0000000000000000 00007f39b6e5f5c9
0x00007f39b6827b80:   0000000000000000 1d810fc4c9803e00
0x00007f39b6827b90:   00007f39c5f6e7b0 00007f39b6827bf8
0x00007f39b6827ba0:   0000000000000000 00007f39c9018427
0x00007f39b6827bb0:   00007f39b6827c58 00007f39b6827bb8
0x00007f39b6827bc0:   0000000000000000 00007f39b6827c10
0x00007f39b6827bd0:   00007f39c5f71428 0000000000000000
0x00007f39b6827be0:   00007f39c5f6e7b0 0000000000000000
0x00007f39b6827bf0:   00007f39b6827c18 00007f39b6827c58
0x00007f39b6827c00:   00007f39c9007ffd 00000000e155ca40
0x00007f39b6827c10:   00007f39c9011a58 00007f39b6827c18
0x00007f39b6827c20:   00007f39c5f739e2 00007f39b6827c78
0x00007f39b6827c30:   00007f39c5f73b98 0000000000000000
0x00007f39b6827c40:   00007f39c5f73af8 00007f39b6827c18
0x00007f39b6827c50:   00007f39b6827c70 00007f39b6827cc0
0x00007f39b6827c60:   00007f39c9008042 0000000000000000
0x00007f39b6827c70:   00000000e165cca8 00000000e15acf20
0x00007f39b6827c80:   00007f39b6827c80 00007f39c5fc45ad
0x00007f39b6827c90:   00007f39b6827d00 00007f39c5fc4658
0x00007f39b6827ca0:   0000000000000000 00007f39c5fc45d0
0x00007f39b6827cb0:   00007f39b6827c70 00007f39b6827cf8
0x00007f39b6827cc0:   00007f39b6827d48 00007f39c9008042
0x00007f39b6827cd0:   0000000000000000 0000000000000000
0x00007f39b6827ce0:   0000000000000006 0000000000000040
0x00007f39b6827cf0:   0000000000000000 00000000e165cca8
0x00007f39b6827d00:   00000000e15ad1a8 00007f39b6827d08
0x00007f39b6827d10:   00007f39c5c952d6 00007f39b6827d68
0x00007f39b6827d20:   00007f39c5c958c8 0000000000000000
0x00007f39b6827d30:   00007f39c5c952e8 00007f39b6827cf8
0x00007f39b6827d40:   00007f39b6827d60 00007f39b6827db0
0x00007f39b6827d50:   00007f39c9007ffd 00000000e15ad1a8 

Instructions: (pc=0x00007f39b6e09eb2)
0x00007f39b6e09e92:   66 2e 0f 1f 84 00 00 00 00 00 0f 1f 40 00 41 54
0x00007f39b6e09ea2:   4c 8b 25 07 11 02 00 55 48 89 fd 53 49 8b 04 24
0x00007f39b6e09eb2:   48 8b 78 38 48 85 ff 74 0c 48 89 ee e8 0d a8 ff
0x00007f39b6e09ec2:   ff 49 8b 04 24 48 8b 78 20 48 89 ee e8 2d 9d ff 

Register to memory mapping:

RAX=0x0000000000000000 is an unknown value
RBX=0x0000000000000001 is an unknown value
RCX=0x00007f397c004ca0 is an unknown value
RDX=0x0000000000000000 is an unknown value
RSP=0x00007f39b6827b60 is pointing into the stack for thread: 0x00007f39d8354000
RBP=0x00007f397c002a80 is an unknown value
RSI=0x0000000000000000 is an unknown value
RDI=0x00007f397c002a80 is an unknown value
R8 =0x00007f397c004c90 is an unknown value
R9 =0x0000000000000010 is an unknown value
R10=0xfffffffffffff0df is an unknown value
R11=0x00007f39b6e0a360: atk_bridge_set_event_context+0 in /lib/x86_64-linux-gnu/libatk-bridge-2.0.so.0 at 0x00007f39b6df6000
R12=0x00007f39b6e2c038: spi_global_app_data+0 in /lib/x86_64-linux-gnu/libatk-bridge-2.0.so.0 at 0x00007f39b6df6000
R13={method} {0x00007f39c5f6e7b0} 'loadAtkBridge' '()V' in 'org/GNOME/Accessibility/AtkWrapper'
R14=0x00007f39b6827c10 is pointing into the stack for thread: 0x00007f39d8354000
R15=0x00007f39d8354000 is a thread


Stack: [0x00007f39b672a000,0x00007f39b682b000],  sp=0x00007f39b6827b60,  free space=1014k
Native frames: (J=compiled Java code, j=interpreted, Vv=VM code, C=native code)
C  [libatk-bridge-2.0.so.0+0x13eb2]

Java frames: (J=compiled Java code, j=interpreted, Vv=VM code)
j  org.GNOME.Accessibility.AtkWrapper.loadAtkBridge()V+0
j  org.GNOME.Accessibility.AtkWrapper$4.eventDispatched(Ljava/awt/AWTEvent;)V+18
j  java.awt.Toolkit$SelectiveAWTEventListener.eventDispatched(Ljava/awt/AWTEvent;)V+733
j  java.awt.Toolkit.notifyAWTEventListeners(Ljava/awt/AWTEvent;)V+30
j  java.awt.Component.dispatchEventImpl(Ljava/awt/AWTEvent;)V+257
j  java.awt.Container.dispatchEventImpl(Ljava/awt/AWTEvent;)V+42
j  java.awt.Window.dispatchEventImpl(Ljava/awt/AWTEvent;)V+19
j  java.awt.Component.dispatchEvent(Ljava/awt/AWTEvent;)V+2
j  java.awt.EventQueue.dispatchEventImpl(Ljava/awt/AWTEvent;Ljava/lang/Object;)V+41
j  java.awt.EventQueue.access$500(Ljava/awt/EventQueue;Ljava/awt/AWTEvent;Ljava/lang/Object;)V+3
j  java.awt.EventQueue$3.run()Ljava/lang/Void;+32
j  java.awt.EventQueue$3.run()Ljava/lang/Object;+1
v  ~StubRoutines::call_stub
j  java.security.AccessController.doPrivileged(Ljava/security/PrivilegedAction;Ljava/security/AccessControlContext;)Ljava/lang/Object;+0
j  java.security.ProtectionDomain$JavaSecurityAccessImpl.doIntersectionPrivilege(Ljava/security/PrivilegedAction;Ljava/security/AccessControlContext;Ljava/security/AccessControlContext;)Ljava/lang/Object;+18
j  java.security.ProtectionDomain$JavaSecurityAccessImpl.doIntersectionPrivilege(Ljava/security/PrivilegedAction;Ljava/security/AccessControlContext;)Ljava/lang/Object;+6
j  java.awt.EventQueue$4.run()Ljava/lang/Void;+11
j  java.awt.EventQueue$4.run()Ljava/lang/Object;+1
v  ~StubRoutines::call_stub
j  java.security.AccessController.doPrivileged(Ljava/security/PrivilegedAction;Ljava/security/AccessControlContext;)Ljava/lang/Object;+0
j  java.security.ProtectionDomain$JavaSecurityAccessImpl.doIntersectionPrivilege(Ljava/security/PrivilegedAction;Ljava/security/AccessControlContext;Ljava/security/AccessControlContext;)Ljava/lang/Object;+18
j  java.awt.EventQueue.dispatchEvent(Ljava/awt/AWTEvent;)V+73
j  org.GNOME.Accessibility.AtkWrapper$6.dispatchEvent(Ljava/awt/AWTEvent;)V+100
j  java.awt.EventDispatchThread.pumpOneEventForFilters(I)V+140
j  java.awt.EventDispatchThread.pumpEventsForFilter(ILjava/awt/Conditional;Ljava/awt/EventFilter;)V+35
j  java.awt.EventDispatchThread.pumpEventsForHierarchy(ILjava/awt/Conditional;Ljava/awt/Component;)V+11
j  java.awt.EventDispatchThread.pumpEvents(ILjava/awt/Conditional;)V+4
j  java.awt.EventDispatchThread.pumpEvents(Ljava/awt/Conditional;)V+3
j  java.awt.EventDispatchThread.run()V+9
v  ~StubRoutines::call_stub

---------------  P R O C E S S  ---------------

Java Threads: ( => current thread )
=>0x00007f39d8354000 JavaThread "AWT-EventQueue-1" [_thread_in_native, id=5695, stack(0x00007f39b672a000,0x00007f39b682b000)]
  0x00007f39d8350800 JavaThread "AWT-Shutdown" [_thread_blocked, id=5694, stack(0x00007f39b682b000,0x00007f39b692c000)]
  0x00007f39d8309000 JavaThread "process reaper" daemon [_thread_blocked, id=5693, stack(0x00007f39b6e82000,0x00007f39b6ebb000)]
  0x00007f39d82f3800 JavaThread "AWT-XAWT" daemon [_thread_in_native, id=5691, stack(0x00007f39b6ebb000,0x00007f39b6fbc000)]
  0x00007f39d82cb800 JavaThread "Java2D Disposer" daemon [_thread_blocked, id=5690, stack(0x00007f39b6fd1000,0x00007f39b70d2000)]
  0x00007f39d80c4000 JavaThread "Service Thread" daemon [_thread_blocked, id=5688, stack(0x00007f39b7afb000,0x00007f39b7bfc000)]
  0x00007f39d80c1000 JavaThread "C1 CompilerThread2" daemon [_thread_in_native, id=5687, stack(0x00007f39b7bfd000,0x00007f39b7cfd000)]
  0x00007f39d80bf800 JavaThread "C2 CompilerThread1" daemon [_thread_blocked, id=5686, stack(0x00007f39b7cfe000,0x00007f39b7dfe000)]
  0x00007f39d80bc800 JavaThread "C2 CompilerThread0" daemon [_thread_blocked, id=5685, stack(0x00007f39b7dff000,0x00007f39b7eff000)]
  0x00007f39d80b7000 JavaThread "Signal Dispatcher" daemon [_thread_blocked, id=5684, stack(0x00007f39b7eff000,0x00007f39b8000000)]
  0x00007f39d8088000 JavaThread "Finalizer" daemon [_thread_blocked, id=5682, stack(0x00007f39c45bc000,0x00007f39c46bd000)]
  0x00007f39d8083800 JavaThread "Reference Handler" daemon [_thread_blocked, id=5680, stack(0x00007f39c46bd000,0x00007f39c47be000)]
  0x00007f39d800c000 JavaThread "main" [_thread_in_native, id=5672, stack(0x00007f39dd207000,0x00007f39dd307000)]

Other Threads:
  0x00007f39d8079800 VMThread [stack: 0x00007f39c47bf000,0x00007f39c48bf000] [id=5679]
  0x00007f39d80c6800 WatcherThread [stack: 0x00007f39b79fb000,0x00007f39b7afb000] [id=5689]

VM state:not at safepoint (normal execution)

VM Mutex/Monitor currently owned by a thread: None

heap address: 0x00000000a3400000, size: 1484 MB, Compressed Oops mode: 32-bit
Narrow klass base: 0x0000000000000000, Narrow klass shift: 3
Compressed class space size: 1073741824 Address: 0x0000000100000000

Heap:
 PSYoungGen      total 28160K, used 5918K [0x00000000e1180000, 0x00000000e3080000, 0x0000000100000000)
  eden space 24576K, 24% used [0x00000000e1180000,0x00000000e17478b8,0x00000000e2980000)
  from space 3584K, 0% used [0x00000000e2d00000,0x00000000e2d00000,0x00000000e3080000)
  to   space 3584K, 0% used [0x00000000e2980000,0x00000000e2980000,0x00000000e2d00000)
 ParOldGen       total 64512K, used 0K [0x00000000a3400000, 0x00000000a7300000, 0x00000000e1180000)
  object space 64512K, 0% used [0x00000000a3400000,0x00000000a3400000,0x00000000a7300000)
 Metaspace       used 8365K, capacity 8604K, committed 8704K, reserved 1056768K
  class space    used 927K, capacity 1009K, committed 1024K, reserved 1048576K

Card table byte_map: [0x00007f39dcaee000,0x00007f39dcdd5000] byte_map_base: 0x00007f39dc5d4000

Marking Bits: (ParMarkBitMap*) 0x00007f39de438720
 Begin Bits: [0x00007f39c61a0000, 0x00007f39c78d0000)
 End Bits:   [0x00007f39c78d0000, 0x00007f39c9000000)

Polling page: 0x00007f39de6df000

CodeCache: size=245760Kb used=1887Kb max_used=1898Kb free=243872Kb
 bounds [0x00007f39c9000000, 0x00007f39c9270000, 0x00007f39d8000000]
 total_blobs=822 nmethods=353 adapters=383
 compilation: enabled

Compilation events (10 events):
Event: 0,491 Thread 0x00007f39d80c1000 nmethod 334 0x00007f39c91d2750 code [0x00007f39c91d28e0, 0x00007f39c91d2c50]
Event: 0,493 Thread 0x00007f39d80c1000  339       3       sun.util.logging.PlatformLogger::isLoggable (38 bytes)
Event: 0,494 Thread 0x00007f39d80c1000 nmethod 339 0x00007f39c91d3010 code [0x00007f39c91d31a0, 0x00007f39c91d35a8]
Event: 0,494 Thread 0x00007f39d80c1000  340       3       java.util.concurrent.locks.AbstractOwnableSynchronizer::setExclusiveOwnerThread (6 bytes)
Event: 0,494 Thread 0x00007f39d80c1000 nmethod 340 0x00007f39c91d3710 code [0x00007f39c91d3860, 0x00007f39c91d39d0]
Event: 0,495 Thread 0x00007f39d80c1000  344       3       java.util.concurrent.locks.AbstractQueuedSynchronizer::compareAndSetState (13 bytes)
Event: 0,496 Thread 0x00007f39d80c1000 nmethod 344 0x00007f39c91d3dd0 code [0x00007f39c91d3f20, 0x00007f39c91d4090]
Event: 0,496 Thread 0x00007f39d80c1000  345       3       java.util.concurrent.locks.AbstractQueuedSynchronizer::release (33 bytes)
Event: 0,496 Thread 0x00007f39d80c1000 nmethod 345 0x00007f39c91d4110 code [0x00007f39c91d42a0, 0x00007f39c91d45b8]
Event: 0,496 Thread 0x00007f39d80c1000  346       3       java.util.concurrent.locks.ReentrantLock$Sync::tryRelease (45 bytes)

GC Heap History (0 events):
No events

Deoptimization events (0 events):
No events

Classes redefined (0 events):
No events

Internal exceptions (10 events):
Event: 0,130 Thread 0x00007f39d800c000 Exception <a 'java/security/PrivilegedActionException'> (0x00000000e11e8758) thrown at [/build/openjdk-8-85WbbC/openjdk-8-8u312-b07/src/hotspot/src/share/vm/prims/jvm.cpp, line 1521]
Event: 0,130 Thread 0x00007f39d800c000 Exception <a 'java/security/PrivilegedActionException'> (0x00000000e11e8968) thrown at [/build/openjdk-8-85WbbC/openjdk-8-8u312-b07/src/hotspot/src/share/vm/prims/jvm.cpp, line 1521]
Event: 0,189 Thread 0x00007f39d800c000 Exception <a 'java/security/PrivilegedActionException'> (0x00000000e1303880) thrown at [/build/openjdk-8-85WbbC/openjdk-8-8u312-b07/src/hotspot/src/share/vm/prims/jvm.cpp, line 1521]
Event: 0,189 Thread 0x00007f39d800c000 Exception <a 'java/security/PrivilegedActionException'> (0x00000000e1303a90) thrown at [/build/openjdk-8-85WbbC/openjdk-8-8u312-b07/src/hotspot/src/share/vm/prims/jvm.cpp, line 1521]
Event: 0,189 Thread 0x00007f39d800c000 Exception <a 'java/security/PrivilegedActionException'> (0x00000000e1306398) thrown at [/build/openjdk-8-85WbbC/openjdk-8-8u312-b07/src/hotspot/src/share/vm/prims/jvm.cpp, line 1521]
Event: 0,189 Thread 0x00007f39d800c000 Exception <a 'java/security/PrivilegedActionException'> (0x00000000e13065a8) thrown at [/build/openjdk-8-85WbbC/openjdk-8-8u312-b07/src/hotspot/src/share/vm/prims/jvm.cpp, line 1521]
Event: 0,289 Thread 0x00007f39d800c000 Exception <a 'java/lang/NoSuchFieldError': method resolution failed> (0x00000000e13d6da0) thrown at [/build/openjdk-8-85WbbC/openjdk-8-8u312-b07/src/hotspot/src/share/vm/prims/methodHandles.cpp, line 1176]
Event: 0,291 Thread 0x00007f39d800c000 Exception <a 'java/lang/NoSuchFieldError': method resolution failed> (0x00000000e13e45a0) thrown at [/build/openjdk-8-85WbbC/openjdk-8-8u312-b07/src/hotspot/src/share/vm/prims/methodHandles.cpp, line 1176]
Event: 0,324 Thread 0x00007f39d800c000 Exception <a 'java/io/FileNotFoundException'> (0x00000000e1462828) thrown at [/build/openjdk-8-85WbbC/openjdk-8-8u312-b07/src/hotspot/src/share/vm/prims/jni.cpp, line 711]
Event: 0,343 Thread 0x00007f39d800c000 Exception <a 'java/lang/ClassNotFoundException': sun/dc/DuctusRenderingEngine> (0x00000000e147da20) thrown at [/build/openjdk-8-85WbbC/openjdk-8-8u312-b07/src/hotspot/src/share/vm/classfile/systemDictionary.cpp, line 217]

Events (10 events):
Event: 0,495 loading class java/awt/event/ActionEvent
Event: 0,495 loading class java/awt/event/ActionEvent done
Event: 0,495 loading class java/awt/event/FocusEvent
Event: 0,495 loading class java/awt/event/FocusEvent done
Event: 0,495 loading class sun/awt/HeadlessToolkit
Event: 0,495 loading class java/awt/event/ContainerEvent
Event: 0,495 loading class java/awt/event/ContainerEvent done
Event: 0,495 loading class sun/awt/X11/XReparentEvent
Event: 0,496 loading class sun/awt/X11/XReparentEvent done
Event: 0,496 loading class sun/awt/HeadlessToolkit done


Dynamic libraries:
a3400000-a7300000 rw-p 00000000 00:00 0 
a7300000-e1180000 ---p 00000000 00:00 0 
e1180000-e3080000 rw-p 00000000 00:00 0 
e3080000-100000000 ---p 00000000 00:00 0 
100000000-100100000 rw-p 00000000 00:00 0 
100100000-140000000 ---p 00000000 00:00 0 
558d4052b000-558d4052c000 r--p 00000000 08:05 3804641                    /usr/lib/jvm/java-8-openjdk-amd64/jre/bin/java
558d4052c000-558d4052d000 r-xp 00001000 08:05 3804641                    /usr/lib/jvm/java-8-openjdk-amd64/jre/bin/java
558d4052d000-558d4052e000 r--p 00002000 08:05 3804641                    /usr/lib/jvm/java-8-openjdk-amd64/jre/bin/java
558d4052e000-558d4052f000 r--p 00002000 08:05 3804641                    /usr/lib/jvm/java-8-openjdk-amd64/jre/bin/java
558d4052f000-558d40530000 rw-p 00003000 08:05 3804641                    /usr/lib/jvm/java-8-openjdk-amd64/jre/bin/java
558d40547000-558d40568000 rw-p 00000000 00:00 0                          [heap]
7f3970000000-7f3970021000 rw-p 00000000 00:00 0 
7f3970021000-7f3974000000 ---p 00000000 00:00 0 
7f3978000000-7f3978021000 rw-p 00000000 00:00 0 
7f3978021000-7f397c000000 ---p 00000000 00:00 0 
7f397c000000-7f397c021000 rw-p 00000000 00:00 0 
7f397c021000-7f3980000000 ---p 00000000 00:00 0 
7f3980000000-7f3980021000 rw-p 00000000 00:00 0 
7f3980021000-7f3984000000 ---p 00000000 00:00 0 
7f3984000000-7f3984021000 rw-p 00000000 00:00 0 
7f3984021000-7f3988000000 ---p 00000000 00:00 0 
7f3988000000-7f3988021000 rw-p 00000000 00:00 0 
7f3988021000-7f398c000000 ---p 00000000 00:00 0 
7f398c000000-7f398c021000 rw-p 00000000 00:00 0 
7f398c021000-7f3990000000 ---p 00000000 00:00 0 
7f3990000000-7f399021f000 rw-p 00000000 00:00 0 
7f399021f000-7f3994000000 ---p 00000000 00:00 0 
7f3994000000-7f3994021000 rw-p 00000000 00:00 0 
7f3994021000-7f3998000000 ---p 00000000 00:00 0 
7f3998000000-7f3998059000 rw-p 00000000 00:00 0 
7f3998059000-7f399c000000 ---p 00000000 00:00 0 
7f399c000000-7f399c021000 rw-p 00000000 00:00 0 
7f399c021000-7f39a0000000 ---p 00000000 00:00 0 
7f39a0000000-7f39a0021000 rw-p 00000000 00:00 0 
7f39a0021000-7f39a4000000 ---p 00000000 00:00 0 
7f39a4000000-7f39a4021000 rw-p 00000000 00:00 0 
7f39a4021000-7f39a8000000 ---p 00000000 00:00 0 
7f39a8000000-7f39a8021000 rw-p 00000000 00:00 0 
7f39a8021000-7f39ac000000 ---p 00000000 00:00 0 
7f39ac000000-7f39ac021000 rw-p 00000000 00:00 0 
7f39ac021000-7f39b0000000 ---p 00000000 00:00 0 
7f39b0000000-7f39b0021000 rw-p 00000000 00:00 0 
7f39b0021000-7f39b4000000 ---p 00000000 00:00 0 
7f39b5f29000-7f39b5f2a000 ---p 00000000 00:00 0 
7f39b5f2a000-7f39b672a000 rw-p 00000000 00:00 0 
7f39b672a000-7f39b672d000 ---p 00000000 00:00 0 
7f39b672d000-7f39b682b000 rw-p 00000000 00:00 0 
7f39b682b000-7f39b682e000 ---p 00000000 00:00 0 
7f39b682e000-7f39b692c000 rw-p 00000000 00:00 0 
7f39b692c000-7f39b6930000 r--p 00000000 08:05 3809037                    /usr/lib/x86_64-linux-gnu/libgpg-error.so.0.28.0
7f39b6930000-7f39b6943000 r-xp 00004000 08:05 3809037                    /usr/lib/x86_64-linux-gnu/libgpg-error.so.0.28.0
7f39b6943000-7f39b694d000 r--p 00017000 08:05 3809037                    /usr/lib/x86_64-linux-gnu/libgpg-error.so.0.28.0
7f39b694d000-7f39b694e000 r--p 00020000 08:05 3809037                    /usr/lib/x86_64-linux-gnu/libgpg-error.so.0.28.0
7f39b694e000-7f39b694f000 rw-p 00021000 08:05 3809037                    /usr/lib/x86_64-linux-gnu/libgpg-error.so.0.28.0
7f39b694f000-7f39b695b000 r--p 00000000 08:05 3802376                    /usr/lib/x86_64-linux-gnu/libgcrypt.so.20.2.5
7f39b695b000-7f39b6a29000 r-xp 0000c000 08:05 3802376                    /usr/lib/x86_64-linux-gnu/libgcrypt.so.20.2.5
7f39b6a29000-7f39b6a66000 r--p 000da000 08:05 3802376                    /usr/lib/x86_64-linux-gnu/libgcrypt.so.20.2.5
7f39b6a66000-7f39b6a68000 r--p 00116000 08:05 3802376                    /usr/lib/x86_64-linux-gnu/libgcrypt.so.20.2.5
7f39b6a68000-7f39b6a6d000 rw-p 00118000 08:05 3802376                    /usr/lib/x86_64-linux-gnu/libgcrypt.so.20.2.5
7f39b6a6d000-7f39b6a6f000 r--p 00000000 08:05 3809302                    /usr/lib/x86_64-linux-gnu/liblz4.so.1.9.2
7f39b6a6f000-7f39b6a89000 r-xp 00002000 08:05 3809302                    /usr/lib/x86_64-linux-gnu/liblz4.so.1.9.2
7f39b6a89000-7f39b6a8c000 r--p 0001c000 08:05 3809302                    /usr/lib/x86_64-linux-gnu/liblz4.so.1.9.2
7f39b6a8c000-7f39b6a8d000 r--p 0001e000 08:05 3809302                    /usr/lib/x86_64-linux-gnu/liblz4.so.1.9.2
7f39b6a8d000-7f39b6a8e000 rw-p 0001f000 08:05 3809302                    /usr/lib/x86_64-linux-gnu/liblz4.so.1.9.2
7f39b6a8e000-7f39b6a91000 r--p 00000000 08:05 3809304                    /usr/lib/x86_64-linux-gnu/liblzma.so.5.2.4
7f39b6a91000-7f39b6aa9000 r-xp 00003000 08:05 3809304                    /usr/lib/x86_64-linux-gnu/liblzma.so.5.2.4
7f39b6aa9000-7f39b6ab4000 r--p 0001b000 08:05 3809304                    /usr/lib/x86_64-linux-gnu/liblzma.so.5.2.4
7f39b6ab4000-7f39b6ab5000 ---p 00026000 08:05 3809304                    /usr/lib/x86_64-linux-gnu/liblzma.so.5.2.4
7f39b6ab5000-7f39b6ab6000 r--p 00026000 08:05 3809304                    /usr/lib/x86_64-linux-gnu/liblzma.so.5.2.4
7f39b6ab6000-7f39b6ab7000 rw-p 00027000 08:05 3809304                    /usr/lib/x86_64-linux-gnu/liblzma.so.5.2.4
7f39b6ab7000-7f39b6ac7000 r--p 00000000 08:05 3801195                    /usr/lib/x86_64-linux-gnu/libsystemd.so.0.28.0
7f39b6ac7000-7f39b6b3c000 r-xp 00010000 08:05 3801195                    /usr/lib/x86_64-linux-gnu/libsystemd.so.0.28.0
7f39b6b3c000-7f39b6b61000 r--p 00085000 08:05 3801195                    /usr/lib/x86_64-linux-gnu/libsystemd.so.0.28.0
7f39b6b61000-7f39b6b64000 r--p 000a9000 08:05 3801195                    /usr/lib/x86_64-linux-gnu/libsystemd.so.0.28.0
7f39b6b64000-7f39b6b65000 rw-p 000ac000 08:05 3801195                    /usr/lib/x86_64-linux-gnu/libsystemd.so.0.28.0
7f39b6b65000-7f39b6b66000 rw-p 00000000 00:00 0 
7f39b6b66000-7f39b6b68000 r--p 00000000 08:05 3809513                    /usr/lib/x86_64-linux-gnu/libpcre.so.3.13.3
7f39b6b68000-7f39b6bb9000 r-xp 00002000 08:05 3809513                    /usr/lib/x86_64-linux-gnu/libpcre.so.3.13.3
7f39b6bb9000-7f39b6bd7000 r--p 00053000 08:05 3809513                    /usr/lib/x86_64-linux-gnu/libpcre.so.3.13.3
7f39b6bd7000-7f39b6bd8000 r--p 00070000 08:05 3809513                    /usr/lib/x86_64-linux-gnu/libpcre.so.3.13.3
7f39b6bd8000-7f39b6bd9000 rw-p 00071000 08:05 3809513                    /usr/lib/x86_64-linux-gnu/libpcre.so.3.13.3
7f39b6bd9000-7f39b6bdb000 r--p 00000000 08:05 3808891                    /usr/lib/x86_64-linux-gnu/libffi.so.7.1.0
7f39b6bdb000-7f39b6be1000 r-xp 00002000 08:05 3808891                    /usr/lib/x86_64-linux-gnu/libffi.so.7.1.0
7f39b6be1000-7f39b6be2000 r--p 00008000 08:05 3808891                    /usr/lib/x86_64-linux-gnu/libffi.so.7.1.0
7f39b6be2000-7f39b6be3000 ---p 00009000 08:05 3808891                    /usr/lib/x86_64-linux-gnu/libffi.so.7.1.0
7f39b6be3000-7f39b6be4000 r--p 00009000 08:05 3808891                    /usr/lib/x86_64-linux-gnu/libffi.so.7.1.0
7f39b6be4000-7f39b6be5000 rw-p 0000a000 08:05 3808891                    /usr/lib/x86_64-linux-gnu/libffi.so.7.1.0
7f39b6be5000-7f39b6bf4000 r--p 00000000 08:05 3808586                    /usr/lib/x86_64-linux-gnu/libatspi.so.0.0.1
7f39b6bf4000-7f39b6c0a000 r-xp 0000f000 08:05 3808586                    /usr/lib/x86_64-linux-gnu/libatspi.so.0.0.1
7f39b6c0a000-7f39b6c17000 r--p 00025000 08:05 3808586                    /usr/lib/x86_64-linux-gnu/libatspi.so.0.0.1
7f39b6c17000-7f39b6c18000 ---p 00032000 08:05 3808586                    /usr/lib/x86_64-linux-gnu/libatspi.so.0.0.1
7f39b6c18000-7f39b6c1b000 r--p 00032000 08:05 3808586                    /usr/lib/x86_64-linux-gnu/libatspi.so.0.0.1
7f39b6c1b000-7f39b6c1c000 rw-p 00035000 08:05 3808586                    /usr/lib/x86_64-linux-gnu/libatspi.so.0.0.1
7f39b6c1c000-7f39b6c27000 r--p 00000000 08:05 3808761                    /usr/lib/x86_64-linux-gnu/libdbus-1.so.3.19.11
7f39b6c27000-7f39b6c55000 r-xp 0000b000 08:05 3808761                    /usr/lib/x86_64-linux-gnu/libdbus-1.so.3.19.11
7f39b6c55000-7f39b6c6a000 r--p 00039000 08:05 3808761                    /usr/lib/x86_64-linux-gnu/libdbus-1.so.3.19.11
7f39b6c6a000-7f39b6c6b000 ---p 0004e000 08:05 3808761                    /usr/lib/x86_64-linux-gnu/libdbus-1.so.3.19.11
7f39b6c6b000-7f39b6c6c000 r--p 0004e000 08:05 3808761                    /usr/lib/x86_64-linux-gnu/libdbus-1.so.3.19.11
7f39b6c6c000-7f39b6c6d000 rw-p 0004f000 08:05 3808761                    /usr/lib/x86_64-linux-gnu/libdbus-1.so.3.19.11
7f39b6c6d000-7f39b6c89000 r--p 00000000 08:05 3809003                    /usr/lib/x86_64-linux-gnu/libglib-2.0.so.0.6400.6
7f39b6c89000-7f39b6d0d000 r-xp 0001c000 08:05 3809003                    /usr/lib/x86_64-linux-gnu/libglib-2.0.so.0.6400.6
7f39b6d0d000-7f39b6d93000 r--p 000a0000 08:05 3809003                    /usr/lib/x86_64-linux-gnu/libglib-2.0.so.0.6400.6
7f39b6d93000-7f39b6d94000 r--p 00125000 08:05 3809003                    /usr/lib/x86_64-linux-gnu/libglib-2.0.so.0.6400.6
7f39b6d94000-7f39b6d95000 rw-p 00126000 08:05 3809003                    /usr/lib/x86_64-linux-gnu/libglib-2.0.so.0.6400.6
7f39b6d95000-7f39b6d96000 rw-p 00000000 00:00 0 
7f39b6d96000-7f39b6da4000 r--p 00000000 08:05 3809031                    /usr/lib/x86_64-linux-gnu/libgobject-2.0.so.0.6400.6
7f39b6da4000-7f39b6dda000 r-xp 0000e000 08:05 3809031                    /usr/lib/x86_64-linux-gnu/libgobject-2.0.so.0.6400.6
7f39b6dda000-7f39b6df2000 r--p 00044000 08:05 3809031                    /usr/lib/x86_64-linux-gnu/libgobject-2.0.so.0.6400.6
7f39b6df2000-7f39b6df5000 r--p 0005b000 08:05 3809031                    /usr/lib/x86_64-linux-gnu/libgobject-2.0.so.0.6400.6
7f39b6df5000-7f39b6df6000 rw-p 0005e000 08:05 3809031                    /usr/lib/x86_64-linux-gnu/libgobject-2.0.so.0.6400.6
7f39b6df6000-7f39b6e02000 r--p 00000000 08:05 3808578                    /usr/lib/x86_64-linux-gnu/libatk-bridge-2.0.so.0.0.0
7f39b6e02000-7f39b6e1b000 r-xp 0000c000 08:05 3808578                    /usr/lib/x86_64-linux-gnu/libatk-bridge-2.0.so.0.0.0
7f39b6e1b000-7f39b6e29000 r--p 00025000 08:05 3808578                    /usr/lib/x86_64-linux-gnu/libatk-bridge-2.0.so.0.0.0
7f39b6e29000-7f39b6e2a000 ---p 00033000 08:05 3808578                    /usr/lib/x86_64-linux-gnu/libatk-bridge-2.0.so.0.0.0
7f39b6e2a000-7f39b6e2b000 r--p 00033000 08:05 3808578                    /usr/lib/x86_64-linux-gnu/libatk-bridge-2.0.so.0.0.0
7f39b6e2b000-7f39b6e2c000 rw-p 00034000 08:05 3808578                    /usr/lib/x86_64-linux-gnu/libatk-bridge-2.0.so.0.0.0
7f39b6e2c000-7f39b6e2d000 rw-p 00000000 00:00 0 
7f39b6e2d000-7f39b6e38000 r--p 00000000 08:05 3808576                    /usr/lib/x86_64-linux-gnu/libatk-1.0.so.0.23510.1
7f39b6e38000-7f39b6e47000 r-xp 0000b000 08:05 3808576                    /usr/lib/x86_64-linux-gnu/libatk-1.0.so.0.23510.1
7f39b6e47000-7f39b6e53000 r--p 0001a000 08:05 3808576                    /usr/lib/x86_64-linux-gnu/libatk-1.0.so.0.23510.1
7f39b6e53000-7f39b6e56000 r--p 00025000 08:05 3808576                    /usr/lib/x86_64-linux-gnu/libatk-1.0.so.0.23510.1
7f39b6e56000-7f39b6e57000 rw-p 00028000 08:05 3808576                    /usr/lib/x86_64-linux-gnu/libatk-1.0.so.0.23510.1
7f39b6e57000-7f39b6e5c000 r--p 00000000 08:05 3804376                    /usr/lib/x86_64-linux-gnu/jni/libatk-wrapper.so
7f39b6e5c000-7f39b6e75000 r-xp 00005000 08:05 3804376                    /usr/lib/x86_64-linux-gnu/jni/libatk-wrapper.so
7f39b6e75000-7f39b6e7f000 r--p 0001e000 08:05 3804376                    /usr/lib/x86_64-linux-gnu/jni/libatk-wrapper.so
7f39b6e7f000-7f39b6e80000 ---p 00028000 08:05 3804376                    /usr/lib/x86_64-linux-gnu/jni/libatk-wrapper.so
7f39b6e80000-7f39b6e81000 r--p 00028000 08:05 3804376                    /usr/lib/x86_64-linux-gnu/jni/libatk-wrapper.so
7f39b6e81000-7f39b6e82000 rw-p 00029000 08:05 3804376                    /usr/lib/x86_64-linux-gnu/jni/libatk-wrapper.so
7f39b6e82000-7f39b6e85000 ---p 00000000 00:00 0 
7f39b6e85000-7f39b6ebb000 rw-p 00000000 00:00 0 
7f39b6ebb000-7f39b6ebe000 ---p 00000000 00:00 0 
7f39b6ebe000-7f39b6fbc000 rw-p 00000000 00:00 0 
7f39b6fbc000-7f39b6fbe000 r--p 00000000 08:05 3808499                    /usr/lib/x86_64-linux-gnu/libXfixes.so.3.1.0
7f39b6fbe000-7f39b6fc1000 r-xp 00002000 08:05 3808499                    /usr/lib/x86_64-linux-gnu/libXfixes.so.3.1.0
7f39b6fc1000-7f39b6fc2000 r--p 00005000 08:05 3808499                    /usr/lib/x86_64-linux-gnu/libXfixes.so.3.1.0
7f39b6fc2000-7f39b6fc3000 r--p 00005000 08:05 3808499                    /usr/lib/x86_64-linux-gnu/libXfixes.so.3.1.0
7f39b6fc3000-7f39b6fc4000 rw-p 00006000 08:05 3808499                    /usr/lib/x86_64-linux-gnu/libXfixes.so.3.1.0
7f39b6fc4000-7f39b6fc7000 r--p 00000000 08:05 3808491                    /usr/lib/x86_64-linux-gnu/libXcursor.so.1.0.2
7f39b6fc7000-7f39b6fcd000 r-xp 00003000 08:05 3808491                    /usr/lib/x86_64-linux-gnu/libXcursor.so.1.0.2
7f39b6fcd000-7f39b6fcf000 r--p 00009000 08:05 3808491                    /usr/lib/x86_64-linux-gnu/libXcursor.so.1.0.2
7f39b6fcf000-7f39b6fd0000 r--p 0000a000 08:05 3808491                    /usr/lib/x86_64-linux-gnu/libXcursor.so.1.0.2
7f39b6fd0000-7f39b6fd1000 rw-p 0000b000 08:05 3808491                    /usr/lib/x86_64-linux-gnu/libXcursor.so.1.0.2
7f39b6fd1000-7f39b6fd4000 ---p 00000000 00:00 0 
7f39b6fd4000-7f39b70d2000 rw-p 00000000 00:00 0 
7f39b70d2000-7f39b70d7000 r--p 00000000 08:05 3809551                    /usr/lib/x86_64-linux-gnu/libpng16.so.16.37.0
7f39b70d7000-7f39b70fc000 r-xp 00005000 08:05 3809551                    /usr/lib/x86_64-linux-gnu/libpng16.so.16.37.0
7f39b70fc000-7f39b7108000 r--p 0002a000 08:05 3809551                    /usr/lib/x86_64-linux-gnu/libpng16.so.16.37.0
7f39b7108000-7f39b7109000 r--p 00035000 08:05 3809551                    /usr/lib/x86_64-linux-gnu/libpng16.so.16.37.0
7f39b7109000-7f39b710a000 rw-p 00036000 08:05 3809551                    /usr/lib/x86_64-linux-gnu/libpng16.so.16.37.0
7f39b710a000-7f39b7116000 r--p 00000000 08:05 3808924                    /usr/lib/x86_64-linux-gnu/libfreetype.so.6.17.1
7f39b7116000-7f39b7196000 r-xp 0000c000 08:05 3808924                    /usr/lib/x86_64-linux-gnu/libfreetype.so.6.17.1
7f39b7196000-7f39b71c0000 r--p 0008c000 08:05 3808924                    /usr/lib/x86_64-linux-gnu/libfreetype.so.6.17.1
7f39b71c0000-7f39b71c1000 ---p 000b6000 08:05 3808924                    /usr/lib/x86_64-linux-gnu/libfreetype.so.6.17.1
7f39b71c1000-7f39b71c8000 r--p 000b6000 08:05 3808924                    /usr/lib/x86_64-linux-gnu/libfreetype.so.6.17.1
7f39b71c8000-7f39b71c9000 rw-p 000bd000 08:05 3808924                    /usr/lib/x86_64-linux-gnu/libfreetype.so.6.17.1
7f39b71c9000-7f39b71d0000 r--p 00000000 08:05 3804662                    /usr/lib/jvm/java-8-openjdk-amd64/jre/lib/amd64/libfontmanager.so
7f39b71d0000-7f39b71ff000 r-xp 00007000 08:05 3804662                    /usr/lib/jvm/java-8-openjdk-amd64/jre/lib/amd64/libfontmanager.so
7f39b71ff000-7f39b721b000 r--p 00036000 08:05 3804662                    /usr/lib/jvm/java-8-openjdk-amd64/jre/lib/amd64/libfontmanager.so
7f39b721b000-7f39b721c000 ---p 00052000 08:05 3804662                    /usr/lib/jvm/java-8-openjdk-amd64/jre/lib/amd64/libfontmanager.so
7f39b721c000-7f39b721e000 r--p 00052000 08:05 3804662                    /usr/lib/jvm/java-8-openjdk-amd64/jre/lib/amd64/libfontmanager.so
7f39b721e000-7f39b721f000 rw-p 00054000 08:05 3804662                    /usr/lib/jvm/java-8-openjdk-amd64/jre/lib/amd64/libfontmanager.so
7f39b721f000-7f39b7231000 r--s 0034c000 08:05 3804735                    /usr/lib/jvm/java-8-openjdk-amd64/jre/lib/resources.jar
7f39b7231000-7f39b7235000 r--p 00000000 08:05 3808651                    /usr/lib/x86_64-linux-gnu/libbsd.so.0.10.0
7f39b7235000-7f39b7244000 r-xp 00004000 08:05 3808651                    /usr/lib/x86_64-linux-gnu/libbsd.so.0.10.0
7f39b7244000-7f39b7247000 r--p 00013000 08:05 3808651                    /usr/lib/x86_64-linux-gnu/libbsd.so.0.10.0
7f39b7247000-7f39b7248000 ---p 00016000 08:05 3808651                    /usr/lib/x86_64-linux-gnu/libbsd.so.0.10.0
7f39b7248000-7f39b7249000 r--p 00016000 08:05 3808651                    /usr/lib/x86_64-linux-gnu/libbsd.so.0.10.0
7f39b7249000-7f39b724a000 rw-p 00017000 08:05 3808651                    /usr/lib/x86_64-linux-gnu/libbsd.so.0.10.0
7f39b724a000-7f39b724b000 rw-p 00000000 00:00 0 
7f39b724b000-7f39b724d000 r--p 00000000 08:05 3808495                    /usr/lib/x86_64-linux-gnu/libXdmcp.so.6.0.0
7f39b724d000-7f39b724f000 r-xp 00002000 08:05 3808495                    /usr/lib/x86_64-linux-gnu/libXdmcp.so.6.0.0
7f39b724f000-7f39b7251000 r--p 00004000 08:05 3808495                    /usr/lib/x86_64-linux-gnu/libXdmcp.so.6.0.0
7f39b7251000-7f39b7252000 r--p 00005000 08:05 3808495                    /usr/lib/x86_64-linux-gnu/libXdmcp.so.6.0.0
7f39b7252000-7f39b7253000 rw-p 00006000 08:05 3808495                    /usr/lib/x86_64-linux-gnu/libXdmcp.so.6.0.0
7f39b7253000-7f39b7254000 r--p 00000000 08:05 3808484                    /usr/lib/x86_64-linux-gnu/libXau.so.6.0.0
7f39b7254000-7f39b7256000 r-xp 00001000 08:05 3808484                    /usr/lib/x86_64-linux-gnu/libXau.so.6.0.0
7f39b7256000-7f39b7257000 r--p 00003000 08:05 3808484                    /usr/lib/x86_64-linux-gnu/libXau.so.6.0.0
7f39b7257000-7f39b7258000 r--p 00003000 08:05 3808484                    /usr/lib/x86_64-linux-gnu/libXau.so.6.0.0
7f39b7258000-7f39b7259000 rw-p 00004000 08:05 3808484                    /usr/lib/x86_64-linux-gnu/libXau.so.6.0.0
7f39b7259000-7f39b7264000 r--p 00000000 08:05 3809968                    /usr/lib/x86_64-linux-gnu/libxcb.so.1.1.0
7f39b7264000-7f39b7278000 r-xp 0000b000 08:05 3809968                    /usr/lib/x86_64-linux-gnu/libxcb.so.1.1.0
7f39b7278000-7f39b7281000 r--p 0001f000 08:05 3809968                    /usr/lib/x86_64-linux-gnu/libxcb.so.1.1.0
7f39b7281000-7f39b7282000 r--p 00027000 08:05 3809968                    /usr/lib/x86_64-linux-gnu/libxcb.so.1.1.0
7f39b7282000-7f39b7283000 rw-p 00028000 08:05 3809968                    /usr/lib/x86_64-linux-gnu/libxcb.so.1.1.0
7f39b7283000-7f39b7285000 r--p 00000000 08:05 3808505                    /usr/lib/x86_64-linux-gnu/libXi.so.6.1.0
7f39b7285000-7f39b7290000 r-xp 00002000 08:05 3808505                    /usr/lib/x86_64-linux-gnu/libXi.so.6.1.0
7f39b7290000-7f39b7293000 r--p 0000d000 08:05 3808505                    /usr/lib/x86_64-linux-gnu/libXi.so.6.1.0
7f39b7293000-7f39b7294000 r--p 0000f000 08:05 3808505                    /usr/lib/x86_64-linux-gnu/libXi.so.6.1.0
7f39b7294000-7f39b7295000 rw-p 00010000 08:05 3808505                    /usr/lib/x86_64-linux-gnu/libXi.so.6.1.0
7f39b7295000-7f39b729a000 r-xp 00000000 08:05 3808523                    /usr/lib/x86_64-linux-gnu/libXtst.so.6.1.0
7f39b729a000-7f39b7499000 ---p 00005000 08:05 3808523                    /usr/lib/x86_64-linux-gnu/libXtst.so.6.1.0
7f39b7499000-7f39b749a000 r--p 00004000 08:05 3808523                    /usr/lib/x86_64-linux-gnu/libXtst.so.6.1.0
7f39b749a000-7f39b749b000 rw-p 00005000 08:05 3808523                    /usr/lib/x86_64-linux-gnu/libXtst.so.6.1.0
7f39b749b000-7f39b74a4000 r-xp 00000000 08:05 3808517                    /usr/lib/x86_64-linux-gnu/libXrender.so.1.3.0
7f39b74a4000-7f39b76a3000 ---p 00009000 08:05 3808517                    /usr/lib/x86_64-linux-gnu/libXrender.so.1.3.0
7f39b76a3000-7f39b76a4000 r--p 00008000 08:05 3808517                    /usr/lib/x86_64-linux-gnu/libXrender.so.1.3.0
7f39b76a4000-7f39b76a5000 rw-p 00009000 08:05 3808517                    /usr/lib/x86_64-linux-gnu/libXrender.so.1.3.0
7f39b76a5000-7f39b76bd000 r--p 00000000 08:05 3808480                    /usr/lib/x86_64-linux-gnu/libX11.so.6.3.0
7f39b76bd000-7f39b7748000 r-xp 00018000 08:05 3808480                    /usr/lib/x86_64-linux-gnu/libX11.so.6.3.0
7f39b7748000-7f39b77dc000 r--p 000a3000 08:05 3808480                    /usr/lib/x86_64-linux-gnu/libX11.so.6.3.0
7f39b77dc000-7f39b77dd000 ---p 00137000 08:05 3808480                    /usr/lib/x86_64-linux-gnu/libX11.so.6.3.0
7f39b77dd000-7f39b77de000 r--p 00137000 08:05 3808480                    /usr/lib/x86_64-linux-gnu/libX11.so.6.3.0
7f39b77de000-7f39b77e2000 rw-p 00138000 08:05 3808480                    /usr/lib/x86_64-linux-gnu/libX11.so.6.3.0
7f39b77e2000-7f39b77e6000 r--p 00000000 08:05 3808497                    /usr/lib/x86_64-linux-gnu/libXext.so.6.4.0
7f39b77e6000-7f39b77f1000 r-xp 00004000 08:05 3808497                    /usr/lib/x86_64-linux-gnu/libXext.so.6.4.0
7f39b77f1000-7f39b77f5000 r--p 0000f000 08:05 3808497                    /usr/lib/x86_64-linux-gnu/libXext.so.6.4.0
7f39b77f5000-7f39b77f6000 r--p 00012000 08:05 3808497                    /usr/lib/x86_64-linux-gnu/libXext.so.6.4.0
7f39b77f6000-7f39b77f7000 rw-p 00013000 08:05 3808497                    /usr/lib/x86_64-linux-gnu/libXext.so.6.4.0
7f39b77fc000-7f39b7800000 r--p 00000000 08:05 3804679                    /usr/lib/jvm/java-8-openjdk-amd64/jre/lib/amd64/libmanagement.so
7f39b7800000-7f39b7804000 r-xp 00004000 08:05 3804679                    /usr/lib/jvm/java-8-openjdk-amd64/jre/lib/amd64/libmanagement.so
7f39b7804000-7f39b7806000 r--p 00008000 08:05 3804679                    /usr/lib/jvm/java-8-openjdk-amd64/jre/lib/amd64/libmanagement.so
7f39b7806000-7f39b7807000 r--p 00009000 08:05 3804679                    /usr/lib/jvm/java-8-openjdk-amd64/jre/lib/amd64/libmanagement.so
7f39b7807000-7f39b7808000 rw-p 0000a000 08:05 3804679                    /usr/lib/jvm/java-8-openjdk-amd64/jre/lib/amd64/libmanagement.so
7f39b7808000-7f39b7818000 r--p 00000000 08:05 3804660                    /usr/lib/jvm/java-8-openjdk-amd64/jre/lib/amd64/libawt_xawt.so
7f39b7818000-7f39b7855000 r-xp 00010000 08:05 3804660                    /usr/lib/jvm/java-8-openjdk-amd64/jre/lib/amd64/libawt_xawt.so
7f39b7855000-7f39b7866000 r--p 0004d000 08:05 3804660                    /usr/lib/jvm/java-8-openjdk-amd64/jre/lib/amd64/libawt_xawt.so
7f39b7866000-7f39b7867000 r--p 0005d000 08:05 3804660                    /usr/lib/jvm/java-8-openjdk-amd64/jre/lib/amd64/libawt_xawt.so
7f39b7867000-7f39b786a000 rw-p 0005e000 08:05 3804660                    /usr/lib/jvm/java-8-openjdk-amd64/jre/lib/amd64/libawt_xawt.so
7f39b786a000-7f39b786c000 rw-p 00000000 00:00 0 
7f39b786c000-7f39b7899000 r--p 00000000 08:05 3804658                    /usr/lib/jvm/java-8-openjdk-amd64/jre/lib/amd64/libawt.so
7f39b7899000-7f39b7903000 r-xp 0002d000 08:05 3804658                    /usr/lib/jvm/java-8-openjdk-amd64/jre/lib/amd64/libawt.so
7f39b7903000-7f39b790f000 r--p 00097000 08:05 3804658                    /usr/lib/jvm/java-8-openjdk-amd64/jre/lib/amd64/libawt.so
7f39b790f000-7f39b7910000 ---p 000a3000 08:05 3804658                    /usr/lib/jvm/java-8-openjdk-amd64/jre/lib/amd64/libawt.so
7f39b7910000-7f39b7911000 r--p 000a3000 08:05 3804658                    /usr/lib/jvm/java-8-openjdk-amd64/jre/lib/amd64/libawt.so
7f39b7911000-7f39b791c000 rw-p 000a4000 08:05 3804658                    /usr/lib/jvm/java-8-openjdk-amd64/jre/lib/amd64/libawt.so
7f39b791c000-7f39b7941000 rw-p 00000000 00:00 0 
7f39b7941000-7f39b7943000 r--s 00005000 08:05 3278072                    /home/loris/Desktop/lorisIssLab2022/it.unibo.radarSystem22/libs/it.unibo.radarSystem22.domain-1.0.jar
7f39b7943000-7f39b7998000 r--s 00548000 08:05 3015944                    /home/loris/.gradle/caches/modules-2/files-2.1/com.google.android/android/2.3.3/949a2bef1ffe62e81af5d8919d17dfcc1309c43c/android-2.3.3.jar
7f39b7998000-7f39b79c9000 rw-p 00000000 00:00 0 
7f39b79c9000-7f39b79ce000 r--p 00000000 08:05 3804681                    /usr/lib/jvm/java-8-openjdk-amd64/jre/lib/amd64/libnet.so
7f39b79ce000-7f39b79df000 r-xp 00005000 08:05 3804681                    /usr/lib/jvm/java-8-openjdk-amd64/jre/lib/amd64/libnet.so
7f39b79df000-7f39b79e3000 r--p 00016000 08:05 3804681                    /usr/lib/jvm/java-8-openjdk-amd64/jre/lib/amd64/libnet.so
7f39b79e3000-7f39b79e4000 r--p 00019000 08:05 3804681                    /usr/lib/jvm/java-8-openjdk-amd64/jre/lib/amd64/libnet.so
7f39b79e4000-7f39b79e5000 rw-p 0001a000 08:05 3804681                    /usr/lib/jvm/java-8-openjdk-amd64/jre/lib/amd64/libnet.so
7f39b79e5000-7f39b79ec000 r--p 00000000 08:05 3804682                    /usr/lib/jvm/java-8-openjdk-amd64/jre/lib/amd64/libnio.so
7f39b79ec000-7f39b79f5000 r-xp 00007000 08:05 3804682                    /usr/lib/jvm/java-8-openjdk-amd64/jre/lib/amd64/libnio.so
7f39b79f5000-7f39b79f8000 r--p 00010000 08:05 3804682                    /usr/lib/jvm/java-8-openjdk-amd64/jre/lib/amd64/libnio.so
7f39b79f8000-7f39b79f9000 r--p 00012000 08:05 3804682                    /usr/lib/jvm/java-8-openjdk-amd64/jre/lib/amd64/libnio.so
7f39b79f9000-7f39b79fa000 rw-p 00013000 08:05 3804682                    /usr/lib/jvm/java-8-openjdk-amd64/jre/lib/amd64/libnio.so
7f39b79fa000-7f39b79fb000 ---p 00000000 00:00 0 
7f39b79fb000-7f39b7afb000 rw-p 00000000 00:00 0 
7f39b7afb000-7f39b7afe000 ---p 00000000 00:00 0 
7f39b7afe000-7f39b7bfc000 rw-p 00000000 00:00 0 
7f39b7bfc000-7f39b7bfd000 ---p 00000000 00:00 0 
7f39b7bfd000-7f39b7c00000 ---p 00000000 00:00 0 
7f39b7c00000-7f39b7cfd000 rw-p 00000000 00:00 0 
7f39b7cfd000-7f39b7cfe000 ---p 00000000 00:00 0 
7f39b7cfe000-7f39b7d01000 ---p 00000000 00:00 0 
7f39b7d01000-7f39b7dfe000 rw-p 00000000 00:00 0 
7f39b7dfe000-7f39b7dff000 ---p 00000000 00:00 0 
7f39b7dff000-7f39b7e02000 ---p 00000000 00:00 0 
7f39b7e02000-7f39b7eff000 rw-p 00000000 00:00 0 
7f39b7eff000-7f39b7f02000 ---p 00000000 00:00 0 
7f39b7f02000-7f39b8000000 rw-p 00000000 00:00 0 
7f39b8000000-7f39b8021000 rw-p 00000000 00:00 0 
7f39b8021000-7f39bc000000 ---p 00000000 00:00 0 
7f39bc000000-7f39bc021000 rw-p 00000000 00:00 0 
7f39bc021000-7f39c0000000 ---p 00000000 00:00 0 
7f39c0000000-7f39c0021000 rw-p 00000000 00:00 0 
7f39c0021000-7f39c4000000 ---p 00000000 00:00 0 
7f39c4000000-7f39c4004000 r--s 00017000 08:05 3015941                    /home/loris/.gradle/caches/modules-2/files-2.1/org.pushingpixels/trident/1.3/a90e1fe1a5f47288e5820666179397dd10ca021/trident-1.3.jar
7f39c4004000-7f39c400a000 r--s 0003d000 08:05 3804710                    /usr/lib/jvm/java-8-openjdk-amd64/jre/lib/ext/sunjce_provider.jar
7f39c400a000-7f39c4015000 r--s 00116000 08:05 3804707                    /usr/lib/jvm/java-8-openjdk-amd64/jre/lib/ext/localedata.jar
7f39c4015000-7f39c4030000 r--s 001d6000 08:05 3804708                    /usr/lib/jvm/java-8-openjdk-amd64/jre/lib/ext/nashorn.jar
7f39c4030000-7f39c404b000 r--s 00394000 08:05 3804703                    /usr/lib/jvm/java-8-openjdk-amd64/jre/lib/ext/cldrdata.jar
7f39c404b000-7f39c45bc000 r--p 00000000 08:05 3803293                    /usr/lib/locale/locale-archive
7f39c45bc000-7f39c45bf000 ---p 00000000 00:00 0 
7f39c45bf000-7f39c46bd000 rw-p 00000000 00:00 0 
7f39c46bd000-7f39c46c0000 ---p 00000000 00:00 0 
7f39c46c0000-7f39c47be000 rw-p 00000000 00:00 0 
7f39c47be000-7f39c47bf000 ---p 00000000 00:00 0 
7f39c47bf000-7f39c57ce000 rw-p 00000000 00:00 0 
7f39c57ce000-7f39c59a0000 r--s 03cab000 08:05 3804736                    /usr/lib/jvm/java-8-openjdk-amd64/jre/lib/rt.jar
7f39c59a0000-7f39c6120000 rw-p 00000000 00:00 0 
7f39c6120000-7f39c61a0000 ---p 00000000 00:00 0 
7f39c61a0000-7f39c9000000 rw-p 00000000 00:00 0 
7f39c9000000-7f39c9270000 rwxp 00000000 00:00 0 
7f39c9270000-7f39d8000000 ---p 00000000 00:00 0 
7f39d8000000-7f39d836b000 rw-p 00000000 00:00 0 
7f39d836b000-7f39dc000000 ---p 00000000 00:00 0 
7f39dc000000-7f39dc001000 r--s 00006000 08:05 3278319                    /home/loris/Desktop/lorisIssLab2022/it.unibo.radarSystem22/libs/it.unibo.comm2022-1.0.jar
7f39dc001000-7f39dc003000 r--s 0000c000 08:05 2752591                    /home/loris/.gradle/caches/modules-2/files-2.1/org.json/json/20160810/aca5eb39e2a12fddd6c472b240afe9ebea3a6733/json-20160810.jar
7f39dc003000-7f39dc004000 r--s 0000a000 08:05 3804706                    /usr/lib/jvm/java-8-openjdk-amd64/jre/lib/ext/jaccess.jar
7f39dc004000-7f39dc006000 r--s 00008000 08:05 3804709                    /usr/lib/jvm/java-8-openjdk-amd64/jre/lib/ext/sunec.jar
7f39dc006000-7f39dc008000 r--s 0000c000 08:05 4463392                    /usr/share/java/java-atk-wrapper.jar
7f39dc008000-7f39dc00c000 r--s 00041000 08:05 3804711                    /usr/lib/jvm/java-8-openjdk-amd64/jre/lib/ext/sunpkcs11.jar
7f39dc00c000-7f39dc4fb000 rw-p 00000000 00:00 0 
7f39dc4fb000-7f39dc4fc000 ---p 00000000 00:00 0 
7f39dc4fc000-7f39dc5fc000 rw-p 00000000 00:00 0 
7f39dc5fc000-7f39dc5fd000 ---p 00000000 00:00 0 
7f39dc5fd000-7f39dc6fd000 rw-p 00000000 00:00 0 
7f39dc6fd000-7f39dc6fe000 ---p 00000000 00:00 0 
7f39dc6fe000-7f39dc7fe000 rw-p 00000000 00:00 0 
7f39dc7fe000-7f39dc7ff000 ---p 00000000 00:00 0 
7f39dc7ff000-7f39dc91f000 rw-p 00000000 00:00 0 
7f39dc91f000-7f39dcaee000 ---p 00000000 00:00 0 
7f39dcaee000-7f39dcb0e000 rw-p 00000000 00:00 0 
7f39dcb0e000-7f39dccdc000 ---p 00000000 00:00 0 
7f39dccdc000-7f39dcced000 rw-p 00000000 00:00 0 
7f39dcced000-7f39dcdd4000 ---p 00000000 00:00 0 
7f39dcdd4000-7f39dcddf000 rw-p 00000000 00:00 0 
7f39dcddf000-7f39dd195000 ---p 00000000 00:00 0 
7f39dd195000-7f39dd198000 r--p 00000000 08:05 3803276                    /usr/lib/x86_64-linux-gnu/libnss_files-2.31.so
7f39dd198000-7f39dd19f000 r-xp 00003000 08:05 3803276                    /usr/lib/x86_64-linux-gnu/libnss_files-2.31.so
7f39dd19f000-7f39dd1a1000 r--p 0000a000 08:05 3803276                    /usr/lib/x86_64-linux-gnu/libnss_files-2.31.so
7f39dd1a1000-7f39dd1a2000 r--p 0000b000 08:05 3803276                    /usr/lib/x86_64-linux-gnu/libnss_files-2.31.so
7f39dd1a2000-7f39dd1a3000 rw-p 0000c000 08:05 3803276                    /usr/lib/x86_64-linux-gnu/libnss_files-2.31.so
7f39dd1a3000-7f39dd1a9000 rw-p 00000000 00:00 0 
7f39dd1a9000-7f39dd1ab000 r--s 00010000 08:05 3804712                    /usr/lib/jvm/java-8-openjdk-amd64/jre/lib/ext/zipfs.jar
7f39dd1ab000-7f39dd1ae000 r--s 0000f000 08:05 3804705                    /usr/lib/jvm/java-8-openjdk-amd64/jre/lib/ext/icedtea-sound.jar
7f39dd1ae000-7f39dd1b1000 r--p 00000000 08:05 3804689                    /usr/lib/jvm/java-8-openjdk-amd64/jre/lib/amd64/libzip.so
7f39dd1b1000-7f39dd1b6000 r-xp 00003000 08:05 3804689                    /usr/lib/jvm/java-8-openjdk-amd64/jre/lib/amd64/libzip.so
7f39dd1b6000-7f39dd1b8000 r--p 00008000 08:05 3804689                    /usr/lib/jvm/java-8-openjdk-amd64/jre/lib/amd64/libzip.so
7f39dd1b8000-7f39dd1b9000 r--p 00009000 08:05 3804689                    /usr/lib/jvm/java-8-openjdk-amd64/jre/lib/amd64/libzip.so
7f39dd1b9000-7f39dd1ba000 rw-p 0000a000 08:05 3804689                    /usr/lib/jvm/java-8-openjdk-amd64/jre/lib/amd64/libzip.so
7f39dd1ba000-7f39dd1c7000 r--p 00000000 08:05 3804669                    /usr/lib/jvm/java-8-openjdk-amd64/jre/lib/amd64/libjava.so
7f39dd1c7000-7f39dd1df000 r-xp 0000d000 08:05 3804669                    /usr/lib/jvm/java-8-openjdk-amd64/jre/lib/amd64/libjava.so
7f39dd1df000-7f39dd1e6000 r--p 00025000 08:05 3804669                    /usr/lib/jvm/java-8-openjdk-amd64/jre/lib/amd64/libjava.so
7f39dd1e6000-7f39dd1e7000 r--p 0002b000 08:05 3804669                    /usr/lib/jvm/java-8-openjdk-amd64/jre/lib/amd64/libjava.so
7f39dd1e7000-7f39dd1e9000 rw-p 0002c000 08:05 3804669                    /usr/lib/jvm/java-8-openjdk-amd64/jre/lib/amd64/libjava.so
7f39dd1e9000-7f39dd1ee000 r--p 00000000 08:05 3804688                    /usr/lib/jvm/java-8-openjdk-amd64/jre/lib/amd64/libverify.so
7f39dd1ee000-7f39dd1f7000 r-xp 00005000 08:05 3804688                    /usr/lib/jvm/java-8-openjdk-amd64/jre/lib/amd64/libverify.so
7f39dd1f7000-7f39dd1f9000 r--p 0000e000 08:05 3804688                    /usr/lib/jvm/java-8-openjdk-amd64/jre/lib/amd64/libverify.so
7f39dd1f9000-7f39dd1fb000 r--p 0000f000 08:05 3804688                    /usr/lib/jvm/java-8-openjdk-amd64/jre/lib/amd64/libverify.so
7f39dd1fb000-7f39dd1fc000 rw-p 00011000 08:05 3804688                    /usr/lib/jvm/java-8-openjdk-amd64/jre/lib/amd64/libverify.so
7f39dd1fc000-7f39dd1fe000 r--p 00000000 08:05 3803283                    /usr/lib/x86_64-linux-gnu/librt-2.31.so
7f39dd1fe000-7f39dd202000 r-xp 00002000 08:05 3803283                    /usr/lib/x86_64-linux-gnu/librt-2.31.so
7f39dd202000-7f39dd204000 r--p 00006000 08:05 3803283                    /usr/lib/x86_64-linux-gnu/librt-2.31.so
7f39dd204000-7f39dd205000 r--p 00007000 08:05 3803283                    /usr/lib/x86_64-linux-gnu/librt-2.31.so
7f39dd205000-7f39dd206000 rw-p 00008000 08:05 3803283                    /usr/lib/x86_64-linux-gnu/librt-2.31.so
7f39dd206000-7f39dd207000 ---p 00000000 00:00 0 
7f39dd207000-7f39dd20a000 ---p 00000000 00:00 0 
7f39dd20a000-7f39dd307000 rw-p 00000000 00:00 0 
7f39dd307000-7f39dd30a000 r--p 00000000 08:05 3808948                    /usr/lib/x86_64-linux-gnu/libgcc_s.so.1
7f39dd30a000-7f39dd31c000 r-xp 00003000 08:05 3808948                    /usr/lib/x86_64-linux-gnu/libgcc_s.so.1
7f39dd31c000-7f39dd320000 r--p 00015000 08:05 3808948                    /usr/lib/x86_64-linux-gnu/libgcc_s.so.1
7f39dd320000-7f39dd321000 r--p 00018000 08:05 3808948                    /usr/lib/x86_64-linux-gnu/libgcc_s.so.1
7f39dd321000-7f39dd322000 rw-p 00019000 08:05 3808948                    /usr/lib/x86_64-linux-gnu/libgcc_s.so.1
7f39dd322000-7f39dd32f000 r--p 00000000 08:05 3803270                    /usr/lib/x86_64-linux-gnu/libm-2.31.so
7f39dd32f000-7f39dd3d6000 r-xp 0000d000 08:05 3803270                    /usr/lib/x86_64-linux-gnu/libm-2.31.so
7f39dd3d6000-7f39dd46f000 r--p 000b4000 08:05 3803270                    /usr/lib/x86_64-linux-gnu/libm-2.31.so
7f39dd46f000-7f39dd470000 r--p 0014c000 08:05 3803270                    /usr/lib/x86_64-linux-gnu/libm-2.31.so
7f39dd470000-7f39dd471000 rw-p 0014d000 08:05 3803270                    /usr/lib/x86_64-linux-gnu/libm-2.31.so
7f39dd471000-7f39dd507000 r--p 00000000 08:05 3809737                    /usr/lib/x86_64-linux-gnu/libstdc++.so.6.0.28
7f39dd507000-7f39dd5f8000 r-xp 00096000 08:05 3809737                    /usr/lib/x86_64-linux-gnu/libstdc++.so.6.0.28
7f39dd5f8000-7f39dd641000 r--p 00187000 08:05 3809737                    /usr/lib/x86_64-linux-gnu/libstdc++.so.6.0.28
7f39dd641000-7f39dd642000 ---p 001d0000 08:05 3809737                    /usr/lib/x86_64-linux-gnu/libstdc++.so.6.0.28
7f39dd642000-7f39dd64d000 r--p 001d0000 08:05 3809737                    /usr/lib/x86_64-linux-gnu/libstdc++.so.6.0.28
7f39dd64d000-7f39dd650000 rw-p 001db000 08:05 3809737                    /usr/lib/x86_64-linux-gnu/libstdc++.so.6.0.28
7f39dd650000-7f39dd653000 rw-p 00000000 00:00 0 
7f39dd653000-7f39dd848000 r--p 00000000 08:05 3804692                    /usr/lib/jvm/java-8-openjdk-amd64/jre/lib/amd64/server/libjvm.so
7f39dd848000-7f39de1b1000 r-xp 001f5000 08:05 3804692                    /usr/lib/jvm/java-8-openjdk-amd64/jre/lib/amd64/server/libjvm.so
7f39de1b1000-7f39de363000 r--p 00b5e000 08:05 3804692                    /usr/lib/jvm/java-8-openjdk-amd64/jre/lib/amd64/server/libjvm.so
7f39de363000-7f39de3f9000 r--p 00d0f000 08:05 3804692                    /usr/lib/jvm/java-8-openjdk-amd64/jre/lib/amd64/server/libjvm.so
7f39de3f9000-7f39de422000 rw-p 00da5000 08:05 3804692                    /usr/lib/jvm/java-8-openjdk-amd64/jre/lib/amd64/server/libjvm.so
7f39de422000-7f39de457000 rw-p 00000000 00:00 0 
7f39de457000-7f39de45d000 r--p 00000000 08:05 3803281                    /usr/lib/x86_64-linux-gnu/libpthread-2.31.so
7f39de45d000-7f39de46e000 r-xp 00006000 08:05 3803281                    /usr/lib/x86_64-linux-gnu/libpthread-2.31.so
7f39de46e000-7f39de474000 r--p 00017000 08:05 3803281                    /usr/lib/x86_64-linux-gnu/libpthread-2.31.so
7f39de474000-7f39de475000 r--p 0001c000 08:05 3803281                    /usr/lib/x86_64-linux-gnu/libpthread-2.31.so
7f39de475000-7f39de476000 rw-p 0001d000 08:05 3803281                    /usr/lib/x86_64-linux-gnu/libpthread-2.31.so
7f39de476000-7f39de47a000 rw-p 00000000 00:00 0 
7f39de47a000-7f39de47b000 r--p 00000000 08:05 3803269                    /usr/lib/x86_64-linux-gnu/libdl-2.31.so
7f39de47b000-7f39de47d000 r-xp 00001000 08:05 3803269                    /usr/lib/x86_64-linux-gnu/libdl-2.31.so
7f39de47d000-7f39de47e000 r--p 00003000 08:05 3803269                    /usr/lib/x86_64-linux-gnu/libdl-2.31.so
7f39de47e000-7f39de47f000 r--p 00003000 08:05 3803269                    /usr/lib/x86_64-linux-gnu/libdl-2.31.so
7f39de47f000-7f39de480000 rw-p 00004000 08:05 3803269                    /usr/lib/x86_64-linux-gnu/libdl-2.31.so
7f39de480000-7f39de482000 r--p 00000000 08:05 3809998                    /usr/lib/x86_64-linux-gnu/libz.so.1.2.11
7f39de482000-7f39de493000 r-xp 00002000 08:05 3809998                    /usr/lib/x86_64-linux-gnu/libz.so.1.2.11
7f39de493000-7f39de499000 r--p 00013000 08:05 3809998                    /usr/lib/x86_64-linux-gnu/libz.so.1.2.11
7f39de499000-7f39de49a000 ---p 00019000 08:05 3809998                    /usr/lib/x86_64-linux-gnu/libz.so.1.2.11
7f39de49a000-7f39de49b000 r--p 00019000 08:05 3809998                    /usr/lib/x86_64-linux-gnu/libz.so.1.2.11
7f39de49b000-7f39de49c000 rw-p 0001a000 08:05 3809998                    /usr/lib/x86_64-linux-gnu/libz.so.1.2.11
7f39de49c000-7f39de4be000 r--p 00000000 08:05 3803268                    /usr/lib/x86_64-linux-gnu/libc-2.31.so
7f39de4be000-7f39de636000 r-xp 00022000 08:05 3803268                    /usr/lib/x86_64-linux-gnu/libc-2.31.so
7f39de636000-7f39de684000 r--p 0019a000 08:05 3803268                    /usr/lib/x86_64-linux-gnu/libc-2.31.so
7f39de684000-7f39de688000 r--p 001e7000 08:05 3803268                    /usr/lib/x86_64-linux-gnu/libc-2.31.so
7f39de688000-7f39de68a000 rw-p 001eb000 08:05 3803268                    /usr/lib/x86_64-linux-gnu/libc-2.31.so
7f39de68a000-7f39de68e000 rw-p 00000000 00:00 0 
7f39de68e000-7f39de690000 r--s 00001000 08:05 3804704                    /usr/lib/jvm/java-8-openjdk-amd64/jre/lib/ext/dnsns.jar
7f39de690000-7f39de696000 r--s 000d3000 08:05 3804729                    /usr/lib/jvm/java-8-openjdk-amd64/jre/lib/jfr.jar
7f39de696000-7f39de69e000 rw-s 00000000 08:05 2752581                    /tmp/hsperfdata_loris/5670
7f39de69e000-7f39de69f000 rw-p 00000000 00:00 0 
7f39de69f000-7f39de6a2000 r--p 00000000 08:05 3804655                    /usr/lib/jvm/java-8-openjdk-amd64/jre/lib/amd64/jli/libjli.so
7f39de6a2000-7f39de6ac000 r-xp 00003000 08:05 3804655                    /usr/lib/jvm/java-8-openjdk-amd64/jre/lib/amd64/jli/libjli.so
7f39de6ac000-7f39de6af000 r--p 0000d000 08:05 3804655                    /usr/lib/jvm/java-8-openjdk-amd64/jre/lib/amd64/jli/libjli.so
7f39de6af000-7f39de6b0000 r--p 0000f000 08:05 3804655                    /usr/lib/jvm/java-8-openjdk-amd64/jre/lib/amd64/jli/libjli.so
7f39de6b0000-7f39de6b1000 rw-p 00010000 08:05 3804655                    /usr/lib/jvm/java-8-openjdk-amd64/jre/lib/amd64/jli/libjli.so
7f39de6b1000-7f39de6b3000 rw-p 00000000 00:00 0 
7f39de6b3000-7f39de6b4000 r--p 00000000 08:05 3803261                    /usr/lib/x86_64-linux-gnu/ld-2.31.so
7f39de6b4000-7f39de6d7000 r-xp 00001000 08:05 3803261                    /usr/lib/x86_64-linux-gnu/ld-2.31.so
7f39de6d7000-7f39de6df000 r--p 00024000 08:05 3803261                    /usr/lib/x86_64-linux-gnu/ld-2.31.so
7f39de6df000-7f39de6e0000 r--p 00000000 00:00 0 
7f39de6e0000-7f39de6e1000 r--p 0002c000 08:05 3803261                    /usr/lib/x86_64-linux-gnu/ld-2.31.so
7f39de6e1000-7f39de6e2000 rw-p 0002d000 08:05 3803261                    /usr/lib/x86_64-linux-gnu/ld-2.31.so
7f39de6e2000-7f39de6e3000 rw-p 00000000 00:00 0 
7ffe1da43000-7ffe1da65000 rw-p 00000000 00:00 0                          [stack]
7ffe1dab6000-7ffe1daba000 r--p 00000000 00:00 0                          [vvar]
7ffe1daba000-7ffe1dabc000 r-xp 00000000 00:00 0                          [vdso]
ffffffffff600000-ffffffffff601000 --xp 00000000 00:00 0                  [vsyscall]

VM Arguments:
jvm_args: -Dfile.encoding=UTF-8 
java_command: it.unibo.radarSystem22.sprint3.main.devicesOnRasp.RadarSysSprint3DevicesOnRaspMain
java_class_path (initial): /home/loris/Desktop/lorisIssLab2022/it.unibo.radarSystem22/bin/default:/home/loris/.gradle/caches/modules-2/files-2.1/org.pushingpixels/trident/1.3/a90e1fe1a5f47288e5820666179397dd10ca021/trident-1.3.jar:/home/loris/.gradle/caches/modules-2/files-2.1/com.google.android/android/2.3.3/949a2bef1ffe62e81af5d8919d17dfcc1309c43c/android-2.3.3.jar:/home/loris/.gradle/caches/modules-2/files-2.1/org.json/json/20160810/aca5eb39e2a12fddd6c472b240afe9ebea3a6733/json-20160810.jar:/home/loris/Desktop/lorisIssLab2022/it.unibo.radarSystem22/libs/it.unibo.radarSystem22.domain-1.0.jar:/home/loris/Desktop/lorisIssLab2022/it.unibo.radarSystem22/libs/it.unibo.comm2022-1.0.jar:/home/loris/Desktop/lorisIssLab2022/unibolibs:/home/loris/Desktop/lorisIssLab2022/unibolibs/2p301.jar:/home/loris/Desktop/lorisIssLab2022/unibolibs/uniboInterfaces.jar:/home/loris/Desktop/lorisIssLab2022/unibolibs/unibonoawtsupports.jar:/home/loris/Desktop/lorisIssLab2022/unibolibs/radarPojo.jar:/home/loris/.gradle/caches/modules-2/files-2.1/org.eclipse.swt.gtk.linux/x86_64/3.3.0-v3346/5a7561696dc49e42713e78cb09e0563bba6b96c/x86_64-3.3.0-v3346.jar:/home/loris/.gradle/caches/modules-2/files-2.1/org.eclipse.swt.gtk.linux/x86/3.3.0-v3346/a9ce3fdc84060952a94f509442673698c3880f92/x86-3.3.0-v3346.jar:/home/loris/.gradle/caches/modules-2/files-2.1/org.apache.httpcomponents/httpclient/4.0.1/1d7d28fa738bdbfe4fbd895d9486308999bdf440/httpclient-4.0.1.jar:/home/loris/.gradle/caches/modules-2/files-2.1/commons-logging/commons-logging/1.1.1/5043bfebc3db072ed80fbd362e7caf00e885d8ae/commons-logging-1.1.1.jar:/home/loris/.gradle/caches/modules-2/files-2.1/org.khronos/opengl-api/gl1.1-android-2.1_r1/8827d279add29cf9115820671e7879de7bf80390/opengl-api-gl1.1-android-2.1_r1.jar:/home/loris/.gradle/caches/modules-2/files-2.1/xerces/xmlParserAPIs/2.6.2/65acede1e5305bd2b92213d7b5761328c6f4fd9/xmlParserAPIs-2.6.2.jar:/home/loris/.gradle/caches/modules-2/files-2.1/xpp3/xpp3/1.1.4c/9b988ea84b9e4e9f1874e390ce099b8
Launcher Type: SUN_STANDARD

Environment Variables:
PATH=/home/loris/.local/bin:/home/loris/bin:/usr/local/sbin:/usr/local/bin:/usr/sbin:/usr/bin:/sbin:/bin:/usr/games:/usr/local/games:/snap/bin:/home/loris/.local/bin:/home/loris/bin/gradle-7.4/bin
USERNAME=loris
SHELL=/bin/bash
DISPLAY=:0

Signal Handlers:
SIGSEGV: [libjvm.so+0xb373b0], sa_mask[0]=11111111011111111101111111111110, sa_flags=SA_RESTART|SA_SIGINFO
SIGBUS: [libjvm.so+0xb373b0], sa_mask[0]=11111111011111111101111111111110, sa_flags=SA_RESTART|SA_SIGINFO
SIGFPE: [libjvm.so+0x97bff0], sa_mask[0]=11111111011111111101111111111110, sa_flags=SA_RESTART|SA_SIGINFO
SIGPIPE: [libjvm.so+0x97bff0], sa_mask[0]=11111111011111111101111111111110, sa_flags=SA_RESTART|SA_SIGINFO
SIGXFSZ: [libjvm.so+0x97bff0], sa_mask[0]=11111111011111111101111111111110, sa_flags=SA_RESTART|SA_SIGINFO
SIGILL: [libjvm.so+0x97bff0], sa_mask[0]=11111111011111111101111111111110, sa_flags=SA_RESTART|SA_SIGINFO
SIGUSR1: SIG_DFL, sa_mask[0]=00000000000000000000000000000000, sa_flags=none
SIGUSR2: [libjvm.so+0x97bea0], sa_mask[0]=00100000000000000000000000000000, sa_flags=SA_RESTART|SA_SIGINFO
SIGHUP: [libjvm.so+0x97c270], sa_mask[0]=11111111011111111101111111111110, sa_flags=SA_RESTART|SA_SIGINFO
SIGINT: [libjvm.so+0x97c270], sa_mask[0]=11111111011111111101111111111110, sa_flags=SA_RESTART|SA_SIGINFO
SIGTERM: [libjvm.so+0x97c270], sa_mask[0]=11111111011111111101111111111110, sa_flags=SA_RESTART|SA_SIGINFO
SIGQUIT: [libjvm.so+0x97c270], sa_mask[0]=11111111011111111101111111111110, sa_flags=SA_RESTART|SA_SIGINFO


---------------  S Y S T E M  ---------------

OS:DISTRIB_ID=Ubuntu
DISTRIB_RELEASE=20.04
DISTRIB_CODENAME=focal
DISTRIB_DESCRIPTION="Ubuntu 20.04.4 LTS"

uname:Linux 5.13.0-37-generic #42~20.04.1-Ubuntu SMP Tue Mar 15 15:44:28 UTC 2022 x86_64
libc:glibc 2.31 NPTL 2.31 
rlimit: STACK 8192k, CORE 0k, NPROC 23480, NOFILE 1048576, AS infinity
load average:0,53 0,48 0,46

/proc/meminfo:
MemTotal:        6077916 kB
MemFree:          536344 kB
MemAvailable:    2703928 kB
Buffers:           85796 kB
Cached:          2292296 kB
SwapCached:            0 kB
Active:          1094316 kB
Inactive:        4158464 kB
Active(anon):       2412 kB
Inactive(anon):  2924224 kB
Active(file):    1091904 kB
Inactive(file):  1234240 kB
Unevictable:         112 kB
Mlocked:             112 kB
SwapTotal:       2097148 kB
SwapFree:        2096112 kB
Dirty:               200 kB
Writeback:             0 kB
AnonPages:       2874896 kB
Mapped:           645472 kB
Shmem:             61784 kB
KReclaimable:     103980 kB
Slab:             186908 kB
SReclaimable:     103980 kB
SUnreclaim:        82928 kB
KernelStack:       14904 kB
PageTables:        29036 kB
NFS_Unstable:          0 kB
Bounce:                0 kB
WritebackTmp:          0 kB
CommitLimit:     5136104 kB
Committed_AS:    7895296 kB
VmallocTotal:   34359738367 kB
VmallocUsed:       28016 kB
VmallocChunk:          0 kB
Percpu:             4224 kB
HardwareCorrupted:     0 kB
AnonHugePages:         0 kB
ShmemHugePages:        0 kB
ShmemPmdMapped:        0 kB
FileHugePages:         0 kB
FilePmdMapped:         0 kB
HugePages_Total:       0
HugePages_Free:        0
HugePages_Rsvd:        0
HugePages_Surp:        0
Hugepagesize:       2048 kB
Hugetlb:               0 kB
DirectMap4k:      229312 kB
DirectMap2M:     6062080 kB

container (cgroup) information:
container_type: cgroupv1
cpu_cpuset_cpus: 0-3
cpu_memory_nodes: 0
active_processor_count: 4
cpu_quota: -1
cpu_period: 100000
cpu_shares: -1
memory_limit_in_bytes: -1
memory_and_swap_limit_in_bytes: -1
memory_soft_limit_in_bytes: -1
memory_usage_in_bytes: 3755642880
memory_max_usage_in_bytes: 4209061888


CPU:total 4 (initial active 4) (4 cores per cpu, 1 threads per core) family 6 model 142 stepping 10, cmov, cx8, fxsr, mmx, sse, sse2, sse3, ssse3, sse4.1, sse4.2, popcnt, avx, avx2, aes, clmul, 3dnowpref, lzcnt, tsc, tscinvbit

/proc/cpuinfo:
processor	: 0
vendor_id	: GenuineIntel
cpu family	: 6
model		: 142
model name	: Intel(R) Core(TM) i5-8250U CPU @ 1.60GHz
stepping	: 10
cpu MHz		: 1799.998
cache size	: 6144 KB
physical id	: 0
siblings	: 4
core id		: 0
cpu cores	: 4
apicid		: 0
initial apicid	: 0
fpu		: yes
fpu_exception	: yes
cpuid level	: 22
wp		: yes
flags		: fpu vme de pse tsc msr pae mce cx8 apic sep mtrr pge mca cmov pat pse36 clflush mmx fxsr sse sse2 ht syscall nx rdtscp lm constant_tsc rep_good nopl xtopology nonstop_tsc cpuid tsc_known_freq pni pclmulqdq ssse3 cx16 pcid sse4_1 sse4_2 movbe popcnt aes xsave avx rdrand hypervisor lahf_lm abm 3dnowprefetch invpcid_single pti fsgsbase avx2 invpcid rdseed clflushopt md_clear flush_l1d
bugs		: cpu_meltdown spectre_v1 spectre_v2 spec_store_bypass l1tf mds swapgs itlb_multihit srbds
bogomips	: 3599.99
clflush size	: 64
cache_alignment	: 64
address sizes	: 39 bits physical, 48 bits virtual
power management:

processor	: 1
vendor_id	: GenuineIntel
cpu family	: 6
model		: 142
model name	: Intel(R) Core(TM) i5-8250U CPU @ 1.60GHz
stepping	: 10
cpu MHz		: 1799.998
cache size	: 6144 KB
physical id	: 0
siblings	: 4
core id		: 1
cpu cores	: 4
apicid		: 1
initial apicid	: 1
fpu		: yes
fpu_exception	: yes
cpuid level	: 22
wp		: yes
flags		: fpu vme de pse tsc msr pae mce cx8 apic sep mtrr pge mca cmov pat pse36 clflush mmx fxsr sse sse2 ht syscall nx rdtscp lm constant_tsc rep_good nopl xtopology nonstop_tsc cpuid tsc_known_freq pni pclmulqdq ssse3 cx16 pcid sse4_1 sse4_2 movbe popcnt aes xsave avx rdrand hypervisor lahf_lm abm 3dnowprefetch invpcid_single pti fsgsbase avx2 invpcid rdseed clflushopt md_clear flush_l1d
bugs		: cpu_meltdown spectre_v1 spectre_v2 spec_store_bypass l1tf mds swapgs itlb_multihit srbds
bogomips	: 3599.99
clflush size	: 64
cache_alignment	: 64
address sizes	: 39 bits physical, 48 bits virtual
power management:

processor	: 2
vendor_id	: GenuineIntel
cpu family	: 6
model		: 142
model name	: Intel(R) Core(TM) i5-8250U CPU @ 1.60GHz
stepping	: 10
cpu MHz		: 1799.998
cache size	: 6144 KB
physical id	: 0
siblings	: 4
core id		: 2
cpu cores	: 4
apicid		: 2
initial apicid	: 2
fpu		: yes
fpu_exception	: yes
cpuid level	: 22
wp		: yes
flags		: fpu vme de pse tsc msr pae mce cx8 apic sep mtrr pge mca cmov pat pse36 clflush mmx fxsr sse sse2 ht syscall nx rdtscp lm constant_tsc rep_good nopl xtopology nonstop_tsc cpuid tsc_known_freq pni pclmulqdq ssse3 cx16 pcid sse4_1 sse4_2 movbe popcnt aes xsave avx rdrand hypervisor lahf_lm abm 3dnowprefetch invpcid_single pti fsgsbase avx2 invpcid rdseed clflushopt md_clear flush_l1d
bugs		: cpu_meltdown spectre_v1 spectre_v2 spec_store_bypass l1tf mds swapgs itlb_multihit srbds
bogomips	: 3599.99
clflush size	: 64
cache_alignment	: 64
address sizes	: 39 bits physical, 48 bits virtual
power management:

processor	: 3
vendor_id	: GenuineIntel
cpu family	: 6
model		: 142
model name	: Intel(R) Core(TM) i5-8250U CPU @ 1.60GHz
stepping	: 10
cpu MHz		: 1799.998
cache size	: 6144 KB
physical id	: 0
siblings	: 4
core id		: 3
cpu cores	: 4
apicid		: 3
initial apicid	: 3
fpu		: yes
fpu_exception	: yes
cpuid level	: 22
wp		: yes
flags		: fpu vme de pse tsc msr pae mce cx8 apic sep mtrr pge mca cmov pat pse36 clflush mmx fxsr sse sse2 ht syscall nx rdtscp lm constant_tsc rep_good nopl xtopology nonstop_tsc cpuid tsc_known_freq pni pclmulqdq ssse3 cx16 pcid sse4_1 sse4_2 movbe popcnt aes xsave avx rdrand hypervisor lahf_lm abm 3dnowprefetch invpcid_single pti fsgsbase avx2 invpcid rdseed clflushopt md_clear flush_l1d
bugs		: cpu_meltdown spectre_v1 spectre_v2 spec_store_bypass l1tf mds swapgs itlb_multihit srbds
bogomips	: 3599.99
clflush size	: 64
cache_alignment	: 64
address sizes	: 39 bits physical, 48 bits virtual
power management:



Memory: 4k page, physical 6077916k(536344k free), swap 2097148k(2096112k free)

vm_info: OpenJDK 64-Bit Server VM (25.312-b07) for linux-amd64 JRE (1.8.0_312-8u312-b07-0ubuntu1~20.04-b07), built on Nov  3 2021 13:54:59 by "buildd" with gcc 9.3.0

time: Tue Mar 29 10:15:14 2022
timezone: CEST
elapsed time: 0.536135 seconds (0d 0h 0m 0s)

