#
# A fatal error has been detected by the Java Runtime Environment:
#
#  SIGSEGV (0xb) at pc=0x00007fee72443b5b, pid=5788, tid=0x00007fee71e66700
#
# JRE version: OpenJDK Runtime Environment (8.0_312-b07) (build 1.8.0_312-8u312-b07-0ubuntu1~20.04-b07)
# Java VM: OpenJDK 64-Bit Server VM (25.312-b07 mixed mode linux-amd64 compressed oops)
# Problematic frame:
# C  [libatk-bridge-2.0.so.0+0x11b5b]  atk_bridge_adaptor_init+0x13b
#
# Failed to write core dump. Core dumps have been disabled. To enable core dumping, try "ulimit -c unlimited" before starting Java again
#
# If you would like to submit a bug report, please visit:
#   http://bugreport.java.com/bugreport/crash.jsp
# The crash happened outside the Java Virtual Machine in native code.
# See problematic frame for where to report the bug.
#

---------------  T H R E A D  ---------------

Current thread (0x00007fee88347000):  JavaThread "AWT-EventQueue-1" [_thread_in_native, id=5812, stack(0x00007fee71d66000,0x00007fee71e67000)]

siginfo: si_signo: 11 (SIGSEGV), si_code: 1 (SEGV_MAPERR), si_addr: 0x0000000000000020

Registers:
RAX=0x0000000000000000, RBX=0x00007fee72468038, RCX=0x00000000000016b4, RDX=0x0000000000000001
RSP=0x00007fee71e63ae0, RBP=0x0000000000000000, RSI=0x0000000000000001, RDI=0x00007fee8834a4f0
R8 =0x0000000000000000, R9 =0x00007fee71e63a18, R10=0x0000000000000000, R11=0x0000000000000286
R12=0x0000000000000000, R13=0x00007fee883072b0, R14=0x00007fee71e63af0, R15=0x00007fee20006d20
RIP=0x00007fee72443b5b, EFLAGS=0x0000000000010206, CSGSFS=0x002b000000000033, ERR=0x0000000000000004
  TRAPNO=0x000000000000000e

Top of Stack: (sp=0x00007fee71e63ae0)
0x00007fee71e63ae0:   0000000000000000 0000000000000000
0x00007fee71e63af0:   0000000000000000 0000000000000000
0x00007fee71e63b00:   0000000000000001 0000000000000000
0x00007fee71e63b10:   0000000000000000 9296fe76d19c1600
0x00007fee71e63b20:   0000000000000000 00007fee724bd540
0x00007fee71e63b30:   00007fee724bd540 0000000000000000
0x00007fee71e63b40:   00007fee6dc787b0 00007fee71e63c10
0x00007fee71e63b50:   00007fee88347000 00007fee7249b273
0x00007fee71e63b60:   00007fee724bd540 00007fee6dc787b0
0x00007fee71e63b70:   0000000000000000 00007fee7249b566
0x00007fee71e63b80:   0000000000000000 9296fe76d19c1600
0x00007fee71e63b90:   00007fee6dc787b0 00007fee71e63bf8
0x00007fee71e63ba0:   0000000000000000 00007fee79018427
0x00007fee71e63bb0:   fffffffe00000000 00007fee71e63bb8
0x00007fee71e63bc0:   00007fee6dc787b0 00007fee71e63c10
0x00007fee71e63bd0:   00007fee6dc7b428 0000000000000000
0x00007fee71e63be0:   00007fee6dc787b0 0000000000000000
0x00007fee71e63bf0:   00007fee71e63c18 00007fee71e63c58
0x00007fee71e63c00:   00007fee79007ffd 00000000e14e8f20
0x00007fee71e63c10:   00007fee79011a58 00007fee71e63c18
0x00007fee71e63c20:   00007fee6dc7d9e2 00007fee71e63c78
0x00007fee71e63c30:   00007fee6dc7db98 0000000000000000
0x00007fee71e63c40:   00007fee6dc7daf8 00007fee71e63c18
0x00007fee71e63c50:   00007fee71e63c70 00007fee71e63cc0
0x00007fee71e63c60:   00007fee79008042 0000000000000000
0x00007fee71e63c70:   00000000e1663868 00000000e1539420
0x00007fee71e63c80:   00007fee71e63c80 00007fee6dcd1b65
0x00007fee71e63c90:   00007fee71e63d00 00007fee6dcd2038
0x00007fee71e63ca0:   0000000000000000 00007fee6dcd1b88
0x00007fee71e63cb0:   00007fee71e63c70 00007fee71e63cf8
0x00007fee71e63cc0:   00007fee71e63d48 00007fee79008042
0x00007fee71e63cd0:   0000000000000000 0000000000000000 

Instructions: (pc=0x00007fee72443b5b)
0x00007fee72443b3b:   d1 ff ff 4c 89 f7 48 89 45 50 e8 a6 ce ff ff 48
0x00007fee72443b4b:   8b 2b 31 c0 e8 ac d1 ff ff 48 89 45 20 48 8b 2b
0x00007fee72443b5b:   48 8b 7d 20 48 85 ff 0f 84 8e 03 00 00 4c 8b 3d
0x00007fee72443b6b:   61 34 02 00 49 8b 37 48 85 f6 74 26 4c 89 f1 31 

Register to memory mapping:

RAX=0x0000000000000000 is an unknown value
RBX=0x00007fee72468038: spi_global_app_data+0 in /lib/x86_64-linux-gnu/libatk-bridge-2.0.so.0 at 0x00007fee72432000
RCX=0x00000000000016b4 is an unknown value
RDX=0x0000000000000001 is an unknown value
RSP=0x00007fee71e63ae0 is pointing into the stack for thread: 0x00007fee88347000
RBP=0x0000000000000000 is an unknown value
RSI=0x0000000000000001 is an unknown value
RDI=0x00007fee8834a4f0 is an unknown value
R8 =0x0000000000000000 is an unknown value
R9 =0x00007fee71e63a18 is pointing into the stack for thread: 0x00007fee88347000
R10=0x0000000000000000 is an unknown value
R11=0x0000000000000286 is an unknown value
R12=0x0000000000000000 is an unknown value
R13=0x00007fee883072b0 is an unknown value
R14=0x00007fee71e63af0 is pointing into the stack for thread: 0x00007fee88347000
R15=0x00007fee20006d20 is an unknown value


Stack: [0x00007fee71d66000,0x00007fee71e67000],  sp=0x00007fee71e63ae0,  free space=1014k
Native frames: (J=compiled Java code, j=interpreted, Vv=VM code, C=native code)
C  [libatk-bridge-2.0.so.0+0x11b5b]  atk_bridge_adaptor_init+0x13b

Java frames: (J=compiled Java code, j=interpreted, Vv=VM code)
j  org.GNOME.Accessibility.AtkWrapper.loadAtkBridge()V+0
j  org.GNOME.Accessibility.AtkWrapper$4.eventDispatched(Ljava/awt/AWTEvent;)V+18
j  java.awt.Toolkit$SelectiveAWTEventListener.eventDispatched(Ljava/awt/AWTEvent;)V+733
j  java.awt.Toolkit.notifyAWTEventListeners(Ljava/awt/AWTEvent;)V+30
j  java.awt.Component.dispatchEventImpl(Ljava/awt/AWTEvent;)V+257
j  java.awt.Container.dispatchEventImpl(Ljava/awt/AWTEvent;)V+42
j  java.awt.Window.dispatchEventImpl(Ljava/awt/AWTEvent;)V+19
j  java.awt.Component.dispatchEvent(Ljava/awt/AWTEvent;)V+2
j  java.awt.EventQueue.dispatchEventImpl(Ljava/awt/AWTEvent;Ljava/lang/Object;)V+41
j  java.awt.EventQueue.access$500(Ljava/awt/EventQueue;Ljava/awt/AWTEvent;Ljava/lang/Object;)V+3
j  java.awt.EventQueue$3.run()Ljava/lang/Void;+32
j  java.awt.EventQueue$3.run()Ljava/lang/Object;+1
v  ~StubRoutines::call_stub
j  java.security.AccessController.doPrivileged(Ljava/security/PrivilegedAction;Ljava/security/AccessControlContext;)Ljava/lang/Object;+0
j  java.security.ProtectionDomain$JavaSecurityAccessImpl.doIntersectionPrivilege(Ljava/security/PrivilegedAction;Ljava/security/AccessControlContext;Ljava/security/AccessControlContext;)Ljava/lang/Object;+18
j  java.security.ProtectionDomain$JavaSecurityAccessImpl.doIntersectionPrivilege(Ljava/security/PrivilegedAction;Ljava/security/AccessControlContext;)Ljava/lang/Object;+6
j  java.awt.EventQueue$4.run()Ljava/lang/Void;+11
j  java.awt.EventQueue$4.run()Ljava/lang/Object;+1
v  ~StubRoutines::call_stub
j  java.security.AccessController.doPrivileged(Ljava/security/PrivilegedAction;Ljava/security/AccessControlContext;)Ljava/lang/Object;+0
j  java.security.ProtectionDomain$JavaSecurityAccessImpl.doIntersectionPrivilege(Ljava/security/PrivilegedAction;Ljava/security/AccessControlContext;Ljava/security/AccessControlContext;)Ljava/lang/Object;+18
j  java.awt.EventQueue.dispatchEvent(Ljava/awt/AWTEvent;)V+73
j  org.GNOME.Accessibility.AtkWrapper$6.dispatchEvent(Ljava/awt/AWTEvent;)V+100
j  java.awt.EventDispatchThread.pumpOneEventForFilters(I)V+140
j  java.awt.EventDispatchThread.pumpEventsForFilter(ILjava/awt/Conditional;Ljava/awt/EventFilter;)V+35
j  java.awt.EventDispatchThread.pumpEventsForHierarchy(ILjava/awt/Conditional;Ljava/awt/Component;)V+11
j  java.awt.EventDispatchThread.pumpEvents(ILjava/awt/Conditional;)V+4
j  java.awt.EventDispatchThread.pumpEvents(Ljava/awt/Conditional;)V+3
j  java.awt.EventDispatchThread.run()V+9
v  ~StubRoutines::call_stub

---------------  P R O C E S S  ---------------

Java Threads: ( => current thread )
=>0x00007fee88347000 JavaThread "AWT-EventQueue-1" [_thread_in_native, id=5812, stack(0x00007fee71d66000,0x00007fee71e67000)]
  0x00007fee88343000 JavaThread "AWT-Shutdown" [_thread_blocked, id=5811, stack(0x00007fee71e67000,0x00007fee71f68000)]
  0x00007fee882fe000 JavaThread "process reaper" daemon [_thread_blocked, id=5810, stack(0x00007fee724be000,0x00007fee724f7000)]
  0x00007fee882e8800 JavaThread "AWT-XAWT" daemon [_thread_in_native, id=5808, stack(0x00007fee724f7000,0x00007fee725f8000)]
  0x00007fee882c0800 JavaThread "Java2D Disposer" daemon [_thread_blocked, id=5807, stack(0x00007fee72605000,0x00007fee72706000)]
  0x00007fee880cc800 JavaThread "Service Thread" daemon [_thread_blocked, id=5805, stack(0x00007fee73085000,0x00007fee73186000)]
  0x00007fee880c1000 JavaThread "C1 CompilerThread2" daemon [_thread_blocked, id=5804, stack(0x00007fee73187000,0x00007fee73287000)]
  0x00007fee880bf800 JavaThread "C2 CompilerThread1" daemon [_thread_blocked, id=5803, stack(0x00007fee73288000,0x00007fee73388000)]
  0x00007fee880bc800 JavaThread "C2 CompilerThread0" daemon [_thread_blocked, id=5802, stack(0x00007fee73389000,0x00007fee73489000)]
  0x00007fee880b7000 JavaThread "Signal Dispatcher" daemon [_thread_blocked, id=5801, stack(0x00007fee73489000,0x00007fee7358a000)]
  0x00007fee88088000 JavaThread "Finalizer" daemon [_thread_blocked, id=5800, stack(0x00007fee73afb000,0x00007fee73bfc000)]
  0x00007fee88083800 JavaThread "Reference Handler" daemon [_thread_blocked, id=5799, stack(0x00007fee73bfc000,0x00007fee73cfd000)]
  0x00007fee8800c000 JavaThread "main" [_thread_in_vm, id=5791, stack(0x00007fee8cefd000,0x00007fee8cffd000)]

Other Threads:
  0x00007fee88079800 VMThread [stack: 0x00007fee73cfe000,0x00007fee73dfe000] [id=5798]
  0x00007fee880cf000 WatcherThread [stack: 0x00007fee72f85000,0x00007fee73085000] [id=5806]

VM state:not at safepoint (normal execution)

VM Mutex/Monitor currently owned by a thread:  ([mutex/lock_event])
[0x00007fee880094b0] AdapterHandlerLibrary_lock - owner thread: 0x00007fee8800c000

heap address: 0x00000000a3400000, size: 1484 MB, Compressed Oops mode: 32-bit
Narrow klass base: 0x0000000000000000, Narrow klass shift: 3
Compressed class space size: 1073741824 Address: 0x0000000100000000

Heap:
 PSYoungGen      total 28160K, used 5901K [0x00000000e1180000, 0x00000000e3080000, 0x0000000100000000)
  eden space 24576K, 24% used [0x00000000e1180000,0x00000000e1743718,0x00000000e2980000)
  from space 3584K, 0% used [0x00000000e2d00000,0x00000000e2d00000,0x00000000e3080000)
  to   space 3584K, 0% used [0x00000000e2980000,0x00000000e2980000,0x00000000e2d00000)
 ParOldGen       total 64512K, used 0K [0x00000000a3400000, 0x00000000a7300000, 0x00000000e1180000)
  object space 64512K, 0% used [0x00000000a3400000,0x00000000a3400000,0x00000000a7300000)
 Metaspace       used 8134K, capacity 8380K, committed 8448K, reserved 1056768K
  class space    used 903K, capacity 977K, committed 1024K, reserved 1048576K

Card table byte_map: [0x00007fee8c7e4000,0x00007fee8cacb000] byte_map_base: 0x00007fee8c2ca000

Marking Bits: (ParMarkBitMap*) 0x00007fee8e12e720
 Begin Bits: [0x00007fee6e1a0000, 0x00007fee6f8d0000)
 End Bits:   [0x00007fee6f8d0000, 0x00007fee71000000)

Polling page: 0x00007fee8e3d5000

CodeCache: size=245760Kb used=1783Kb max_used=1794Kb free=243976Kb
 bounds [0x00007fee79000000, 0x00007fee79270000, 0x00007fee88000000]
 total_blobs=788 nmethods=321 adapters=381
 compilation: enabled

Compilation events (10 events):
Event: 0,944 Thread 0x00007fee880c1000  304       3       java.util.concurrent.locks.AbstractQueuedSynchronizer::release (33 bytes)
Event: 0,944 Thread 0x00007fee880c1000 nmethod 304 0x00007fee791b7010 code [0x00007fee791b71a0, 0x00007fee791b74b8]
Event: 0,944 Thread 0x00007fee880c1000  305       3       java.util.concurrent.locks.ReentrantLock$Sync::tryRelease (45 bytes)
Event: 0,945 Thread 0x00007fee880c1000 nmethod 305 0x00007fee791b7590 code [0x00007fee791b7720, 0x00007fee791b7cc8]
Event: 0,945 Thread 0x00007fee880c1000  306       3       sun.awt.SunToolkit::awtLock (7 bytes)
Event: 0,945 Thread 0x00007fee880c1000 nmethod 306 0x00007fee791b7e10 code [0x00007fee791b7f80, 0x00007fee791b8268]
Event: 0,945 Thread 0x00007fee880c1000  307       3       sun.awt.SunToolkit::awtUnlock (7 bytes)
Event: 0,945 Thread 0x00007fee880c1000 nmethod 307 0x00007fee791b8390 code [0x00007fee791b8500, 0x00007fee791b87e8]
Event: 0,945 Thread 0x00007fee880c1000  308       3       sun.awt.X11.Native::getLong (25 bytes)
Event: 0,945 Thread 0x00007fee880c1000 nmethod 308 0x00007fee791b8910 code [0x00007fee791b8a80, 0x00007fee791b8c30]

GC Heap History (0 events):
No events

Deoptimization events (0 events):
No events

Classes redefined (0 events):
No events

Internal exceptions (10 events):
Event: 0,226 Thread 0x00007fee8800c000 Exception <a 'java/security/PrivilegedActionException'> (0x00000000e11e8758) thrown at [/build/openjdk-8-85WbbC/openjdk-8-8u312-b07/src/hotspot/src/share/vm/prims/jvm.cpp, line 1521]
Event: 0,226 Thread 0x00007fee8800c000 Exception <a 'java/security/PrivilegedActionException'> (0x00000000e11e8968) thrown at [/build/openjdk-8-85WbbC/openjdk-8-8u312-b07/src/hotspot/src/share/vm/prims/jvm.cpp, line 1521]
Event: 0,294 Thread 0x00007fee8800c000 Exception <a 'java/security/PrivilegedActionException'> (0x00000000e130aae0) thrown at [/build/openjdk-8-85WbbC/openjdk-8-8u312-b07/src/hotspot/src/share/vm/prims/jvm.cpp, line 1521]
Event: 0,294 Thread 0x00007fee8800c000 Exception <a 'java/security/PrivilegedActionException'> (0x00000000e130acf0) thrown at [/build/openjdk-8-85WbbC/openjdk-8-8u312-b07/src/hotspot/src/share/vm/prims/jvm.cpp, line 1521]
Event: 0,294 Thread 0x00007fee8800c000 Exception <a 'java/security/PrivilegedActionException'> (0x00000000e130d5f8) thrown at [/build/openjdk-8-85WbbC/openjdk-8-8u312-b07/src/hotspot/src/share/vm/prims/jvm.cpp, line 1521]
Event: 0,294 Thread 0x00007fee8800c000 Exception <a 'java/security/PrivilegedActionException'> (0x00000000e130d808) thrown at [/build/openjdk-8-85WbbC/openjdk-8-8u312-b07/src/hotspot/src/share/vm/prims/jvm.cpp, line 1521]
Event: 0,383 Thread 0x00007fee8800c000 Exception <a 'java/lang/NoSuchFieldError': method resolution failed> (0x00000000e13ddf58) thrown at [/build/openjdk-8-85WbbC/openjdk-8-8u312-b07/src/hotspot/src/share/vm/prims/methodHandles.cpp, line 1176]
Event: 0,386 Thread 0x00007fee8800c000 Exception <a 'java/lang/NoSuchFieldError': method resolution failed> (0x00000000e13eb780) thrown at [/build/openjdk-8-85WbbC/openjdk-8-8u312-b07/src/hotspot/src/share/vm/prims/methodHandles.cpp, line 1176]
Event: 0,451 Thread 0x00007fee8800c000 Exception <a 'java/io/FileNotFoundException'> (0x00000000e1469a58) thrown at [/build/openjdk-8-85WbbC/openjdk-8-8u312-b07/src/hotspot/src/share/vm/prims/jni.cpp, line 711]
Event: 0,532 Thread 0x00007fee8800c000 Exception <a 'java/lang/ClassNotFoundException': sun/dc/DuctusRenderingEngine> (0x00000000e1484c50) thrown at [/build/openjdk-8-85WbbC/openjdk-8-8u312-b07/src/hotspot/src/share/vm/classfile/systemDictionary.cpp, line 217]

Events (10 events):
Event: 0,943 loading class java/awt/event/ActionEvent done
Event: 0,943 loading class java/awt/event/FocusEvent
Event: 0,943 loading class java/awt/event/FocusEvent done
Event: 0,943 loading class java/awt/event/ContainerEvent
Event: 0,943 loading class sun/awt/HeadlessToolkit
Event: 0,943 loading class java/awt/event/ContainerEvent done
Event: 0,943 loading class sun/awt/HeadlessToolkit done
Event: 0,948 loading class sun/awt/X11/XReparentEvent
Event: 0,948 loading class it/unibo/radarSystem22/sprint2/proxy/RadarGuiProxyAsClient
Event: 0,948 loading class it/unibo/radarSystem22/sprint2/proxy/RadarGuiProxyAsClient done


Dynamic libraries:
a3400000-a7300000 rw-p 00000000 00:00 0 
a7300000-e1180000 ---p 00000000 00:00 0 
e1180000-e3080000 rw-p 00000000 00:00 0 
e3080000-100000000 ---p 00000000 00:00 0 
100000000-100100000 rw-p 00000000 00:00 0 
100100000-140000000 ---p 00000000 00:00 0 
55c50cca5000-55c50cca6000 r--p 00000000 08:05 3804641                    /usr/lib/jvm/java-8-openjdk-amd64/jre/bin/java
55c50cca6000-55c50cca7000 r-xp 00001000 08:05 3804641                    /usr/lib/jvm/java-8-openjdk-amd64/jre/bin/java
55c50cca7000-55c50cca8000 r--p 00002000 08:05 3804641                    /usr/lib/jvm/java-8-openjdk-amd64/jre/bin/java
55c50cca8000-55c50cca9000 r--p 00002000 08:05 3804641                    /usr/lib/jvm/java-8-openjdk-amd64/jre/bin/java
55c50cca9000-55c50ccaa000 rw-p 00003000 08:05 3804641                    /usr/lib/jvm/java-8-openjdk-amd64/jre/bin/java
55c50ebe3000-55c50ec04000 rw-p 00000000 00:00 0                          [heap]
7fee20000000-7fee20021000 rw-p 00000000 00:00 0 
7fee20021000-7fee24000000 ---p 00000000 00:00 0 
7fee28000000-7fee28021000 rw-p 00000000 00:00 0 
7fee28021000-7fee2c000000 ---p 00000000 00:00 0 
7fee2c000000-7fee2c021000 rw-p 00000000 00:00 0 
7fee2c021000-7fee30000000 ---p 00000000 00:00 0 
7fee30000000-7fee30021000 rw-p 00000000 00:00 0 
7fee30021000-7fee34000000 ---p 00000000 00:00 0 
7fee34000000-7fee34021000 rw-p 00000000 00:00 0 
7fee34021000-7fee38000000 ---p 00000000 00:00 0 
7fee38000000-7fee38021000 rw-p 00000000 00:00 0 
7fee38021000-7fee3c000000 ---p 00000000 00:00 0 
7fee3c000000-7fee3c021000 rw-p 00000000 00:00 0 
7fee3c021000-7fee40000000 ---p 00000000 00:00 0 
7fee40000000-7fee40021000 rw-p 00000000 00:00 0 
7fee40021000-7fee44000000 ---p 00000000 00:00 0 
7fee44000000-7fee44201000 rw-p 00000000 00:00 0 
7fee44201000-7fee48000000 ---p 00000000 00:00 0 
7fee48000000-7fee48021000 rw-p 00000000 00:00 0 
7fee48021000-7fee4c000000 ---p 00000000 00:00 0 
7fee4c000000-7fee4c070000 rw-p 00000000 00:00 0 
7fee4c070000-7fee50000000 ---p 00000000 00:00 0 
7fee50000000-7fee50021000 rw-p 00000000 00:00 0 
7fee50021000-7fee54000000 ---p 00000000 00:00 0 
7fee54000000-7fee54021000 rw-p 00000000 00:00 0 
7fee54021000-7fee58000000 ---p 00000000 00:00 0 
7fee58000000-7fee58021000 rw-p 00000000 00:00 0 
7fee58021000-7fee5c000000 ---p 00000000 00:00 0 
7fee5c000000-7fee5c021000 rw-p 00000000 00:00 0 
7fee5c021000-7fee60000000 ---p 00000000 00:00 0 
7fee60000000-7fee60021000 rw-p 00000000 00:00 0 
7fee60021000-7fee64000000 ---p 00000000 00:00 0 
7fee68000000-7fee68021000 rw-p 00000000 00:00 0 
7fee68021000-7fee6c000000 ---p 00000000 00:00 0 
7fee6d6ba000-7fee6ddfa000 rw-p 00000000 00:00 0 
7fee6ddfa000-7fee6deba000 ---p 00000000 00:00 0 
7fee6deba000-7fee71000000 rw-p 00000000 00:00 0 
7fee71d66000-7fee71d69000 ---p 00000000 00:00 0 
7fee71d69000-7fee71e67000 rw-p 00000000 00:00 0 
7fee71e67000-7fee71e6a000 ---p 00000000 00:00 0 
7fee71e6a000-7fee71f68000 rw-p 00000000 00:00 0 
7fee71f68000-7fee71f6c000 r--p 00000000 08:05 3809037                    /usr/lib/x86_64-linux-gnu/libgpg-error.so.0.28.0
7fee71f6c000-7fee71f7f000 r-xp 00004000 08:05 3809037                    /usr/lib/x86_64-linux-gnu/libgpg-error.so.0.28.0
7fee71f7f000-7fee71f89000 r--p 00017000 08:05 3809037                    /usr/lib/x86_64-linux-gnu/libgpg-error.so.0.28.0
7fee71f89000-7fee71f8a000 r--p 00020000 08:05 3809037                    /usr/lib/x86_64-linux-gnu/libgpg-error.so.0.28.0
7fee71f8a000-7fee71f8b000 rw-p 00021000 08:05 3809037                    /usr/lib/x86_64-linux-gnu/libgpg-error.so.0.28.0
7fee71f8b000-7fee71f97000 r--p 00000000 08:05 3802376                    /usr/lib/x86_64-linux-gnu/libgcrypt.so.20.2.5
7fee71f97000-7fee72065000 r-xp 0000c000 08:05 3802376                    /usr/lib/x86_64-linux-gnu/libgcrypt.so.20.2.5
7fee72065000-7fee720a2000 r--p 000da000 08:05 3802376                    /usr/lib/x86_64-linux-gnu/libgcrypt.so.20.2.5
7fee720a2000-7fee720a4000 r--p 00116000 08:05 3802376                    /usr/lib/x86_64-linux-gnu/libgcrypt.so.20.2.5
7fee720a4000-7fee720a9000 rw-p 00118000 08:05 3802376                    /usr/lib/x86_64-linux-gnu/libgcrypt.so.20.2.5
7fee720a9000-7fee720ab000 r--p 00000000 08:05 3809302                    /usr/lib/x86_64-linux-gnu/liblz4.so.1.9.2
7fee720ab000-7fee720c5000 r-xp 00002000 08:05 3809302                    /usr/lib/x86_64-linux-gnu/liblz4.so.1.9.2
7fee720c5000-7fee720c8000 r--p 0001c000 08:05 3809302                    /usr/lib/x86_64-linux-gnu/liblz4.so.1.9.2
7fee720c8000-7fee720c9000 r--p 0001e000 08:05 3809302                    /usr/lib/x86_64-linux-gnu/liblz4.so.1.9.2
7fee720c9000-7fee720ca000 rw-p 0001f000 08:05 3809302                    /usr/lib/x86_64-linux-gnu/liblz4.so.1.9.2
7fee720ca000-7fee720cd000 r--p 00000000 08:05 3809304                    /usr/lib/x86_64-linux-gnu/liblzma.so.5.2.4
7fee720cd000-7fee720e5000 r-xp 00003000 08:05 3809304                    /usr/lib/x86_64-linux-gnu/liblzma.so.5.2.4
7fee720e5000-7fee720f0000 r--p 0001b000 08:05 3809304                    /usr/lib/x86_64-linux-gnu/liblzma.so.5.2.4
7fee720f0000-7fee720f1000 ---p 00026000 08:05 3809304                    /usr/lib/x86_64-linux-gnu/liblzma.so.5.2.4
7fee720f1000-7fee720f2000 r--p 00026000 08:05 3809304                    /usr/lib/x86_64-linux-gnu/liblzma.so.5.2.4
7fee720f2000-7fee720f3000 rw-p 00027000 08:05 3809304                    /usr/lib/x86_64-linux-gnu/liblzma.so.5.2.4
7fee720f3000-7fee72103000 r--p 00000000 08:05 3801195                    /usr/lib/x86_64-linux-gnu/libsystemd.so.0.28.0
7fee72103000-7fee72178000 r-xp 00010000 08:05 3801195                    /usr/lib/x86_64-linux-gnu/libsystemd.so.0.28.0
7fee72178000-7fee7219d000 r--p 00085000 08:05 3801195                    /usr/lib/x86_64-linux-gnu/libsystemd.so.0.28.0
7fee7219d000-7fee721a0000 r--p 000a9000 08:05 3801195                    /usr/lib/x86_64-linux-gnu/libsystemd.so.0.28.0
7fee721a0000-7fee721a1000 rw-p 000ac000 08:05 3801195                    /usr/lib/x86_64-linux-gnu/libsystemd.so.0.28.0
7fee721a1000-7fee721a2000 rw-p 00000000 00:00 0 
7fee721a2000-7fee721a4000 r--p 00000000 08:05 3809513                    /usr/lib/x86_64-linux-gnu/libpcre.so.3.13.3
7fee721a4000-7fee721f5000 r-xp 00002000 08:05 3809513                    /usr/lib/x86_64-linux-gnu/libpcre.so.3.13.3
7fee721f5000-7fee72213000 r--p 00053000 08:05 3809513                    /usr/lib/x86_64-linux-gnu/libpcre.so.3.13.3
7fee72213000-7fee72214000 r--p 00070000 08:05 3809513                    /usr/lib/x86_64-linux-gnu/libpcre.so.3.13.3
7fee72214000-7fee72215000 rw-p 00071000 08:05 3809513                    /usr/lib/x86_64-linux-gnu/libpcre.so.3.13.3
7fee72215000-7fee72217000 r--p 00000000 08:05 3808891                    /usr/lib/x86_64-linux-gnu/libffi.so.7.1.0
7fee72217000-7fee7221d000 r-xp 00002000 08:05 3808891                    /usr/lib/x86_64-linux-gnu/libffi.so.7.1.0
7fee7221d000-7fee7221e000 r--p 00008000 08:05 3808891                    /usr/lib/x86_64-linux-gnu/libffi.so.7.1.0
7fee7221e000-7fee7221f000 ---p 00009000 08:05 3808891                    /usr/lib/x86_64-linux-gnu/libffi.so.7.1.0
7fee7221f000-7fee72220000 r--p 00009000 08:05 3808891                    /usr/lib/x86_64-linux-gnu/libffi.so.7.1.0
7fee72220000-7fee72221000 rw-p 0000a000 08:05 3808891                    /usr/lib/x86_64-linux-gnu/libffi.so.7.1.0
7fee72221000-7fee72230000 r--p 00000000 08:05 3808586                    /usr/lib/x86_64-linux-gnu/libatspi.so.0.0.1
7fee72230000-7fee72246000 r-xp 0000f000 08:05 3808586                    /usr/lib/x86_64-linux-gnu/libatspi.so.0.0.1
7fee72246000-7fee72253000 r--p 00025000 08:05 3808586                    /usr/lib/x86_64-linux-gnu/libatspi.so.0.0.1
7fee72253000-7fee72254000 ---p 00032000 08:05 3808586                    /usr/lib/x86_64-linux-gnu/libatspi.so.0.0.1
7fee72254000-7fee72257000 r--p 00032000 08:05 3808586                    /usr/lib/x86_64-linux-gnu/libatspi.so.0.0.1
7fee72257000-7fee72258000 rw-p 00035000 08:05 3808586                    /usr/lib/x86_64-linux-gnu/libatspi.so.0.0.1
7fee72258000-7fee72263000 r--p 00000000 08:05 3808761                    /usr/lib/x86_64-linux-gnu/libdbus-1.so.3.19.11
7fee72263000-7fee72291000 r-xp 0000b000 08:05 3808761                    /usr/lib/x86_64-linux-gnu/libdbus-1.so.3.19.11
7fee72291000-7fee722a6000 r--p 00039000 08:05 3808761                    /usr/lib/x86_64-linux-gnu/libdbus-1.so.3.19.11
7fee722a6000-7fee722a7000 ---p 0004e000 08:05 3808761                    /usr/lib/x86_64-linux-gnu/libdbus-1.so.3.19.11
7fee722a7000-7fee722a8000 r--p 0004e000 08:05 3808761                    /usr/lib/x86_64-linux-gnu/libdbus-1.so.3.19.11
7fee722a8000-7fee722a9000 rw-p 0004f000 08:05 3808761                    /usr/lib/x86_64-linux-gnu/libdbus-1.so.3.19.11
7fee722a9000-7fee722c5000 r--p 00000000 08:05 3809003                    /usr/lib/x86_64-linux-gnu/libglib-2.0.so.0.6400.6
7fee722c5000-7fee72349000 r-xp 0001c000 08:05 3809003                    /usr/lib/x86_64-linux-gnu/libglib-2.0.so.0.6400.6
7fee72349000-7fee723cf000 r--p 000a0000 08:05 3809003                    /usr/lib/x86_64-linux-gnu/libglib-2.0.so.0.6400.6
7fee723cf000-7fee723d0000 r--p 00125000 08:05 3809003                    /usr/lib/x86_64-linux-gnu/libglib-2.0.so.0.6400.6
7fee723d0000-7fee723d1000 rw-p 00126000 08:05 3809003                    /usr/lib/x86_64-linux-gnu/libglib-2.0.so.0.6400.6
7fee723d1000-7fee723d2000 rw-p 00000000 00:00 0 
7fee723d2000-7fee723e0000 r--p 00000000 08:05 3809031                    /usr/lib/x86_64-linux-gnu/libgobject-2.0.so.0.6400.6
7fee723e0000-7fee72416000 r-xp 0000e000 08:05 3809031                    /usr/lib/x86_64-linux-gnu/libgobject-2.0.so.0.6400.6
7fee72416000-7fee7242e000 r--p 00044000 08:05 3809031                    /usr/lib/x86_64-linux-gnu/libgobject-2.0.so.0.6400.6
7fee7242e000-7fee72431000 r--p 0005b000 08:05 3809031                    /usr/lib/x86_64-linux-gnu/libgobject-2.0.so.0.6400.6
7fee72431000-7fee72432000 rw-p 0005e000 08:05 3809031                    /usr/lib/x86_64-linux-gnu/libgobject-2.0.so.0.6400.6
7fee72432000-7fee7243e000 r--p 00000000 08:05 3808578                    /usr/lib/x86_64-linux-gnu/libatk-bridge-2.0.so.0.0.0
7fee7243e000-7fee72457000 r-xp 0000c000 08:05 3808578                    /usr/lib/x86_64-linux-gnu/libatk-bridge-2.0.so.0.0.0
7fee72457000-7fee72465000 r--p 00025000 08:05 3808578                    /usr/lib/x86_64-linux-gnu/libatk-bridge-2.0.so.0.0.0
7fee72465000-7fee72466000 ---p 00033000 08:05 3808578                    /usr/lib/x86_64-linux-gnu/libatk-bridge-2.0.so.0.0.0
7fee72466000-7fee72467000 r--p 00033000 08:05 3808578                    /usr/lib/x86_64-linux-gnu/libatk-bridge-2.0.so.0.0.0
7fee72467000-7fee72468000 rw-p 00034000 08:05 3808578                    /usr/lib/x86_64-linux-gnu/libatk-bridge-2.0.so.0.0.0
7fee72468000-7fee72469000 rw-p 00000000 00:00 0 
7fee72469000-7fee72474000 r--p 00000000 08:05 3808576                    /usr/lib/x86_64-linux-gnu/libatk-1.0.so.0.23510.1
7fee72474000-7fee72483000 r-xp 0000b000 08:05 3808576                    /usr/lib/x86_64-linux-gnu/libatk-1.0.so.0.23510.1
7fee72483000-7fee7248f000 r--p 0001a000 08:05 3808576                    /usr/lib/x86_64-linux-gnu/libatk-1.0.so.0.23510.1
7fee7248f000-7fee72492000 r--p 00025000 08:05 3808576                    /usr/lib/x86_64-linux-gnu/libatk-1.0.so.0.23510.1
7fee72492000-7fee72493000 rw-p 00028000 08:05 3808576                    /usr/lib/x86_64-linux-gnu/libatk-1.0.so.0.23510.1
7fee72493000-7fee72498000 r--p 00000000 08:05 3804376                    /usr/lib/x86_64-linux-gnu/jni/libatk-wrapper.so
7fee72498000-7fee724b1000 r-xp 00005000 08:05 3804376                    /usr/lib/x86_64-linux-gnu/jni/libatk-wrapper.so
7fee724b1000-7fee724bb000 r--p 0001e000 08:05 3804376                    /usr/lib/x86_64-linux-gnu/jni/libatk-wrapper.so
7fee724bb000-7fee724bc000 ---p 00028000 08:05 3804376                    /usr/lib/x86_64-linux-gnu/jni/libatk-wrapper.so
7fee724bc000-7fee724bd000 r--p 00028000 08:05 3804376                    /usr/lib/x86_64-linux-gnu/jni/libatk-wrapper.so
7fee724bd000-7fee724be000 rw-p 00029000 08:05 3804376                    /usr/lib/x86_64-linux-gnu/jni/libatk-wrapper.so
7fee724be000-7fee724c1000 ---p 00000000 00:00 0 
7fee724c1000-7fee724f7000 rw-p 00000000 00:00 0 
7fee724f7000-7fee724fa000 ---p 00000000 00:00 0 
7fee724fa000-7fee725f8000 rw-p 00000000 00:00 0 
7fee725f8000-7fee725fb000 r--p 00000000 08:05 3808491                    /usr/lib/x86_64-linux-gnu/libXcursor.so.1.0.2
7fee725fb000-7fee72601000 r-xp 00003000 08:05 3808491                    /usr/lib/x86_64-linux-gnu/libXcursor.so.1.0.2
7fee72601000-7fee72603000 r--p 00009000 08:05 3808491                    /usr/lib/x86_64-linux-gnu/libXcursor.so.1.0.2
7fee72603000-7fee72604000 r--p 0000a000 08:05 3808491                    /usr/lib/x86_64-linux-gnu/libXcursor.so.1.0.2
7fee72604000-7fee72605000 rw-p 0000b000 08:05 3808491                    /usr/lib/x86_64-linux-gnu/libXcursor.so.1.0.2
7fee72605000-7fee72608000 ---p 00000000 00:00 0 
7fee72608000-7fee72706000 rw-p 00000000 00:00 0 
7fee72706000-7fee7270b000 r--p 00000000 08:05 3809551                    /usr/lib/x86_64-linux-gnu/libpng16.so.16.37.0
7fee7270b000-7fee72730000 r-xp 00005000 08:05 3809551                    /usr/lib/x86_64-linux-gnu/libpng16.so.16.37.0
7fee72730000-7fee7273c000 r--p 0002a000 08:05 3809551                    /usr/lib/x86_64-linux-gnu/libpng16.so.16.37.0
7fee7273c000-7fee7273d000 r--p 00035000 08:05 3809551                    /usr/lib/x86_64-linux-gnu/libpng16.so.16.37.0
7fee7273d000-7fee7273e000 rw-p 00036000 08:05 3809551                    /usr/lib/x86_64-linux-gnu/libpng16.so.16.37.0
7fee7273e000-7fee7274a000 r--p 00000000 08:05 3808924                    /usr/lib/x86_64-linux-gnu/libfreetype.so.6.17.1
7fee7274a000-7fee727ca000 r-xp 0000c000 08:05 3808924                    /usr/lib/x86_64-linux-gnu/libfreetype.so.6.17.1
7fee727ca000-7fee727f4000 r--p 0008c000 08:05 3808924                    /usr/lib/x86_64-linux-gnu/libfreetype.so.6.17.1
7fee727f4000-7fee727f5000 ---p 000b6000 08:05 3808924                    /usr/lib/x86_64-linux-gnu/libfreetype.so.6.17.1
7fee727f5000-7fee727fc000 r--p 000b6000 08:05 3808924                    /usr/lib/x86_64-linux-gnu/libfreetype.so.6.17.1
7fee727fc000-7fee727fd000 rw-p 000bd000 08:05 3808924                    /usr/lib/x86_64-linux-gnu/libfreetype.so.6.17.1
7fee727fd000-7fee72804000 r--p 00000000 08:05 3804662                    /usr/lib/jvm/java-8-openjdk-amd64/jre/lib/amd64/libfontmanager.so
7fee72804000-7fee72833000 r-xp 00007000 08:05 3804662                    /usr/lib/jvm/java-8-openjdk-amd64/jre/lib/amd64/libfontmanager.so
7fee72833000-7fee7284f000 r--p 00036000 08:05 3804662                    /usr/lib/jvm/java-8-openjdk-amd64/jre/lib/amd64/libfontmanager.so
7fee7284f000-7fee72850000 ---p 00052000 08:05 3804662                    /usr/lib/jvm/java-8-openjdk-amd64/jre/lib/amd64/libfontmanager.so
7fee72850000-7fee72852000 r--p 00052000 08:05 3804662                    /usr/lib/jvm/java-8-openjdk-amd64/jre/lib/amd64/libfontmanager.so
7fee72852000-7fee72853000 rw-p 00054000 08:05 3804662                    /usr/lib/jvm/java-8-openjdk-amd64/jre/lib/amd64/libfontmanager.so
7fee72853000-7fee72865000 r--s 0034c000 08:05 3804735                    /usr/lib/jvm/java-8-openjdk-amd64/jre/lib/resources.jar
7fee72865000-7fee72869000 r--p 00000000 08:05 3808651                    /usr/lib/x86_64-linux-gnu/libbsd.so.0.10.0
7fee72869000-7fee72878000 r-xp 00004000 08:05 3808651                    /usr/lib/x86_64-linux-gnu/libbsd.so.0.10.0
7fee72878000-7fee7287b000 r--p 00013000 08:05 3808651                    /usr/lib/x86_64-linux-gnu/libbsd.so.0.10.0
7fee7287b000-7fee7287c000 ---p 00016000 08:05 3808651                    /usr/lib/x86_64-linux-gnu/libbsd.so.0.10.0
7fee7287c000-7fee7287d000 r--p 00016000 08:05 3808651                    /usr/lib/x86_64-linux-gnu/libbsd.so.0.10.0
7fee7287d000-7fee7287e000 rw-p 00017000 08:05 3808651                    /usr/lib/x86_64-linux-gnu/libbsd.so.0.10.0
7fee7287e000-7fee7287f000 rw-p 00000000 00:00 0 
7fee7287f000-7fee7288a000 r--p 00000000 08:05 3809968                    /usr/lib/x86_64-linux-gnu/libxcb.so.1.1.0
7fee7288a000-7fee7289e000 r-xp 0000b000 08:05 3809968                    /usr/lib/x86_64-linux-gnu/libxcb.so.1.1.0
7fee7289e000-7fee728a7000 r--p 0001f000 08:05 3809968                    /usr/lib/x86_64-linux-gnu/libxcb.so.1.1.0
7fee728a7000-7fee728a8000 r--p 00027000 08:05 3809968                    /usr/lib/x86_64-linux-gnu/libxcb.so.1.1.0
7fee728a8000-7fee728a9000 rw-p 00028000 08:05 3809968                    /usr/lib/x86_64-linux-gnu/libxcb.so.1.1.0
7fee728a9000-7fee728ae000 r-xp 00000000 08:05 3808523                    /usr/lib/x86_64-linux-gnu/libXtst.so.6.1.0
7fee728ae000-7fee72aad000 ---p 00005000 08:05 3808523                    /usr/lib/x86_64-linux-gnu/libXtst.so.6.1.0
7fee72aad000-7fee72aae000 r--p 00004000 08:05 3808523                    /usr/lib/x86_64-linux-gnu/libXtst.so.6.1.0
7fee72aae000-7fee72aaf000 rw-p 00005000 08:05 3808523                    /usr/lib/x86_64-linux-gnu/libXtst.so.6.1.0
7fee72aaf000-7fee72ab8000 r-xp 00000000 08:05 3808517                    /usr/lib/x86_64-linux-gnu/libXrender.so.1.3.0
7fee72ab8000-7fee72cb7000 ---p 00009000 08:05 3808517                    /usr/lib/x86_64-linux-gnu/libXrender.so.1.3.0
7fee72cb7000-7fee72cb8000 r--p 00008000 08:05 3808517                    /usr/lib/x86_64-linux-gnu/libXrender.so.1.3.0
7fee72cb8000-7fee72cb9000 rw-p 00009000 08:05 3808517                    /usr/lib/x86_64-linux-gnu/libXrender.so.1.3.0
7fee72cb9000-7fee72cd1000 r--p 00000000 08:05 3808480                    /usr/lib/x86_64-linux-gnu/libX11.so.6.3.0
7fee72cd1000-7fee72d5c000 r-xp 00018000 08:05 3808480                    /usr/lib/x86_64-linux-gnu/libX11.so.6.3.0
7fee72d5c000-7fee72df0000 r--p 000a3000 08:05 3808480                    /usr/lib/x86_64-linux-gnu/libX11.so.6.3.0
7fee72df0000-7fee72df1000 ---p 00137000 08:05 3808480                    /usr/lib/x86_64-linux-gnu/libX11.so.6.3.0
7fee72df1000-7fee72df2000 r--p 00137000 08:05 3808480                    /usr/lib/x86_64-linux-gnu/libX11.so.6.3.0
7fee72df2000-7fee72df6000 rw-p 00138000 08:05 3808480                    /usr/lib/x86_64-linux-gnu/libX11.so.6.3.0
7fee72df6000-7fee72e06000 r--p 00000000 08:05 3804660                    /usr/lib/jvm/java-8-openjdk-amd64/jre/lib/amd64/libawt_xawt.so
7fee72e06000-7fee72e43000 r-xp 00010000 08:05 3804660                    /usr/lib/jvm/java-8-openjdk-amd64/jre/lib/amd64/libawt_xawt.so
7fee72e43000-7fee72e54000 r--p 0004d000 08:05 3804660                    /usr/lib/jvm/java-8-openjdk-amd64/jre/lib/amd64/libawt_xawt.so
7fee72e54000-7fee72e55000 r--p 0005d000 08:05 3804660                    /usr/lib/jvm/java-8-openjdk-amd64/jre/lib/amd64/libawt_xawt.so
7fee72e55000-7fee72e58000 rw-p 0005e000 08:05 3804660                    /usr/lib/jvm/java-8-openjdk-amd64/jre/lib/amd64/libawt_xawt.so
7fee72e58000-7fee72e5a000 rw-p 00000000 00:00 0 
7fee72e5a000-7fee72e87000 r--p 00000000 08:05 3804658                    /usr/lib/jvm/java-8-openjdk-amd64/jre/lib/amd64/libawt.so
7fee72e87000-7fee72ef1000 r-xp 0002d000 08:05 3804658                    /usr/lib/jvm/java-8-openjdk-amd64/jre/lib/amd64/libawt.so
7fee72ef1000-7fee72efd000 r--p 00097000 08:05 3804658                    /usr/lib/jvm/java-8-openjdk-amd64/jre/lib/amd64/libawt.so
7fee72efd000-7fee72efe000 ---p 000a3000 08:05 3804658                    /usr/lib/jvm/java-8-openjdk-amd64/jre/lib/amd64/libawt.so
7fee72efe000-7fee72eff000 r--p 000a3000 08:05 3804658                    /usr/lib/jvm/java-8-openjdk-amd64/jre/lib/amd64/libawt.so
7fee72eff000-7fee72f0a000 rw-p 000a4000 08:05 3804658                    /usr/lib/jvm/java-8-openjdk-amd64/jre/lib/amd64/libawt.so
7fee72f0a000-7fee72f2f000 rw-p 00000000 00:00 0 
7fee72f2f000-7fee72f84000 r--s 00548000 08:05 3015944                    /home/loris/.gradle/caches/modules-2/files-2.1/com.google.android/android/2.3.3/949a2bef1ffe62e81af5d8919d17dfcc1309c43c/android-2.3.3.jar
7fee72f84000-7fee72f85000 ---p 00000000 00:00 0 
7fee72f85000-7fee73085000 rw-p 00000000 00:00 0 
7fee73085000-7fee73088000 ---p 00000000 00:00 0 
7fee73088000-7fee73186000 rw-p 00000000 00:00 0 
7fee73186000-7fee73187000 ---p 00000000 00:00 0 
7fee73187000-7fee7318a000 ---p 00000000 00:00 0 
7fee7318a000-7fee73287000 rw-p 00000000 00:00 0 
7fee73287000-7fee73288000 ---p 00000000 00:00 0 
7fee73288000-7fee7328b000 ---p 00000000 00:00 0 
7fee7328b000-7fee73388000 rw-p 00000000 00:00 0 
7fee73388000-7fee73389000 ---p 00000000 00:00 0 
7fee73389000-7fee7338c000 ---p 00000000 00:00 0 
7fee7338c000-7fee73489000 rw-p 00000000 00:00 0 
7fee73489000-7fee7348c000 ---p 00000000 00:00 0 
7fee7348c000-7fee7358a000 rw-p 00000000 00:00 0 
7fee7358a000-7fee73afb000 r--p 00000000 08:05 3803293                    /usr/lib/locale/locale-archive
7fee73afb000-7fee73afe000 ---p 00000000 00:00 0 
7fee73afe000-7fee73bfc000 rw-p 00000000 00:00 0 
7fee73bfc000-7fee73bff000 ---p 00000000 00:00 0 
7fee73bff000-7fee73cfd000 rw-p 00000000 00:00 0 
7fee73cfd000-7fee73cfe000 ---p 00000000 00:00 0 
7fee73cfe000-7fee74000000 rw-p 00000000 00:00 0 
7fee74000000-7fee74021000 rw-p 00000000 00:00 0 
7fee74021000-7fee78000000 ---p 00000000 00:00 0 
7fee78001000-7fee78003000 r--p 00000000 08:05 3808499                    /usr/lib/x86_64-linux-gnu/libXfixes.so.3.1.0
7fee78003000-7fee78006000 r-xp 00002000 08:05 3808499                    /usr/lib/x86_64-linux-gnu/libXfixes.so.3.1.0
7fee78006000-7fee78007000 r--p 00005000 08:05 3808499                    /usr/lib/x86_64-linux-gnu/libXfixes.so.3.1.0
7fee78007000-7fee78008000 r--p 00005000 08:05 3808499                    /usr/lib/x86_64-linux-gnu/libXfixes.so.3.1.0
7fee78008000-7fee78009000 rw-p 00006000 08:05 3808499                    /usr/lib/x86_64-linux-gnu/libXfixes.so.3.1.0
7fee78009000-7fee7800b000 r--p 00000000 08:05 3808495                    /usr/lib/x86_64-linux-gnu/libXdmcp.so.6.0.0
7fee7800b000-7fee7800d000 r-xp 00002000 08:05 3808495                    /usr/lib/x86_64-linux-gnu/libXdmcp.so.6.0.0
7fee7800d000-7fee7800f000 r--p 00004000 08:05 3808495                    /usr/lib/x86_64-linux-gnu/libXdmcp.so.6.0.0
7fee7800f000-7fee78010000 r--p 00005000 08:05 3808495                    /usr/lib/x86_64-linux-gnu/libXdmcp.so.6.0.0
7fee78010000-7fee78011000 rw-p 00006000 08:05 3808495                    /usr/lib/x86_64-linux-gnu/libXdmcp.so.6.0.0
7fee78011000-7fee78012000 r--p 00000000 08:05 3808484                    /usr/lib/x86_64-linux-gnu/libXau.so.6.0.0
7fee78012000-7fee78014000 r-xp 00001000 08:05 3808484                    /usr/lib/x86_64-linux-gnu/libXau.so.6.0.0
7fee78014000-7fee78015000 r--p 00003000 08:05 3808484                    /usr/lib/x86_64-linux-gnu/libXau.so.6.0.0
7fee78015000-7fee78016000 r--p 00003000 08:05 3808484                    /usr/lib/x86_64-linux-gnu/libXau.so.6.0.0
7fee78016000-7fee78017000 rw-p 00004000 08:05 3808484                    /usr/lib/x86_64-linux-gnu/libXau.so.6.0.0
7fee78017000-7fee78019000 r--p 00000000 08:05 3808505                    /usr/lib/x86_64-linux-gnu/libXi.so.6.1.0
7fee78019000-7fee78024000 r-xp 00002000 08:05 3808505                    /usr/lib/x86_64-linux-gnu/libXi.so.6.1.0
7fee78024000-7fee78027000 r--p 0000d000 08:05 3808505                    /usr/lib/x86_64-linux-gnu/libXi.so.6.1.0
7fee78027000-7fee78028000 r--p 0000f000 08:05 3808505                    /usr/lib/x86_64-linux-gnu/libXi.so.6.1.0
7fee78028000-7fee78029000 rw-p 00010000 08:05 3808505                    /usr/lib/x86_64-linux-gnu/libXi.so.6.1.0
7fee78029000-7fee7802d000 r--p 00000000 08:05 3808497                    /usr/lib/x86_64-linux-gnu/libXext.so.6.4.0
7fee7802d000-7fee78038000 r-xp 00004000 08:05 3808497                    /usr/lib/x86_64-linux-gnu/libXext.so.6.4.0
7fee78038000-7fee7803c000 r--p 0000f000 08:05 3808497                    /usr/lib/x86_64-linux-gnu/libXext.so.6.4.0
7fee7803c000-7fee7803d000 r--p 00012000 08:05 3808497                    /usr/lib/x86_64-linux-gnu/libXext.so.6.4.0
7fee7803d000-7fee7803e000 rw-p 00013000 08:05 3808497                    /usr/lib/x86_64-linux-gnu/libXext.so.6.4.0
7fee78041000-7fee78043000 r--s 00003000 08:05 3410247                    /home/loris/Desktop/lorisIssLab2022/it.unibo.radarSystem22/libs/it.unibo.comm2022-1.0.jar
7fee78043000-7fee78047000 r--p 00000000 08:05 3804679                    /usr/lib/jvm/java-8-openjdk-amd64/jre/lib/amd64/libmanagement.so
7fee78047000-7fee7804b000 r-xp 00004000 08:05 3804679                    /usr/lib/jvm/java-8-openjdk-amd64/jre/lib/amd64/libmanagement.so
7fee7804b000-7fee7804d000 r--p 00008000 08:05 3804679                    /usr/lib/jvm/java-8-openjdk-amd64/jre/lib/amd64/libmanagement.so
7fee7804d000-7fee7804e000 r--p 00009000 08:05 3804679                    /usr/lib/jvm/java-8-openjdk-amd64/jre/lib/amd64/libmanagement.so
7fee7804e000-7fee7804f000 rw-p 0000a000 08:05 3804679                    /usr/lib/jvm/java-8-openjdk-amd64/jre/lib/amd64/libmanagement.so
7fee7804f000-7fee78051000 r--s 00005000 08:05 3408608                    /home/loris/Desktop/lorisIssLab2022/it.unibo.radarSystem22/libs/it.unibo.radarSystem22.domain-1.0.jar
7fee78051000-7fee78053000 r--s 0000c000 08:05 2752591                    /home/loris/.gradle/caches/modules-2/files-2.1/org.json/json/20160810/aca5eb39e2a12fddd6c472b240afe9ebea3a6733/json-20160810.jar
7fee78053000-7fee78057000 r--s 00017000 08:05 3015941                    /home/loris/.gradle/caches/modules-2/files-2.1/org.pushingpixels/trident/1.3/a90e1fe1a5f47288e5820666179397dd10ca021/trident-1.3.jar
7fee78057000-7fee78088000 rw-p 00000000 00:00 0 
7fee78088000-7fee7808d000 r--p 00000000 08:05 3804681                    /usr/lib/jvm/java-8-openjdk-amd64/jre/lib/amd64/libnet.so
7fee7808d000-7fee7809e000 r-xp 00005000 08:05 3804681                    /usr/lib/jvm/java-8-openjdk-amd64/jre/lib/amd64/libnet.so
7fee7809e000-7fee780a2000 r--p 00016000 08:05 3804681                    /usr/lib/jvm/java-8-openjdk-amd64/jre/lib/amd64/libnet.so
7fee780a2000-7fee780a3000 r--p 00019000 08:05 3804681                    /usr/lib/jvm/java-8-openjdk-amd64/jre/lib/amd64/libnet.so
7fee780a3000-7fee780a4000 rw-p 0001a000 08:05 3804681                    /usr/lib/jvm/java-8-openjdk-amd64/jre/lib/amd64/libnet.so
7fee780a4000-7fee780ab000 r--p 00000000 08:05 3804682                    /usr/lib/jvm/java-8-openjdk-amd64/jre/lib/amd64/libnio.so
7fee780ab000-7fee780b4000 r-xp 00007000 08:05 3804682                    /usr/lib/jvm/java-8-openjdk-amd64/jre/lib/amd64/libnio.so
7fee780b4000-7fee780b7000 r--p 00010000 08:05 3804682                    /usr/lib/jvm/java-8-openjdk-amd64/jre/lib/amd64/libnio.so
7fee780b7000-7fee780b8000 r--p 00012000 08:05 3804682                    /usr/lib/jvm/java-8-openjdk-amd64/jre/lib/amd64/libnio.so
7fee780b8000-7fee780b9000 rw-p 00013000 08:05 3804682                    /usr/lib/jvm/java-8-openjdk-amd64/jre/lib/amd64/libnio.so
7fee780b9000-7fee780bf000 r--s 0003d000 08:05 3804710                    /usr/lib/jvm/java-8-openjdk-amd64/jre/lib/ext/sunjce_provider.jar
7fee780bf000-7fee780ca000 r--s 00116000 08:05 3804707                    /usr/lib/jvm/java-8-openjdk-amd64/jre/lib/ext/localedata.jar
7fee780ca000-7fee780e5000 r--s 001d6000 08:05 3804708                    /usr/lib/jvm/java-8-openjdk-amd64/jre/lib/ext/nashorn.jar
7fee780e5000-7fee78100000 r--s 00394000 08:05 3804703                    /usr/lib/jvm/java-8-openjdk-amd64/jre/lib/ext/cldrdata.jar
7fee78100000-7fee78e2e000 rw-p 00000000 00:00 0 
7fee78e2e000-7fee79000000 r--s 03cab000 08:05 3804736                    /usr/lib/jvm/java-8-openjdk-amd64/jre/lib/rt.jar
7fee79000000-7fee79270000 rwxp 00000000 00:00 0 
7fee79270000-7fee88000000 ---p 00000000 00:00 0 
7fee88000000-7fee88368000 rw-p 00000000 00:00 0 
7fee88368000-7fee8c000000 ---p 00000000 00:00 0 
7fee8c000000-7fee8c001000 r--s 0000a000 08:05 3804706                    /usr/lib/jvm/java-8-openjdk-amd64/jre/lib/ext/jaccess.jar
7fee8c001000-7fee8c003000 r--s 00008000 08:05 3804709                    /usr/lib/jvm/java-8-openjdk-amd64/jre/lib/ext/sunec.jar
7fee8c003000-7fee8c005000 r--s 0000c000 08:05 4463392                    /usr/share/java/java-atk-wrapper.jar
7fee8c005000-7fee8c009000 r--s 00041000 08:05 3804711                    /usr/lib/jvm/java-8-openjdk-amd64/jre/lib/ext/sunpkcs11.jar
7fee8c009000-7fee8c1f1000 rw-p 00000000 00:00 0 
7fee8c1f1000-7fee8c1f2000 ---p 00000000 00:00 0 
7fee8c1f2000-7fee8c2f2000 rw-p 00000000 00:00 0 
7fee8c2f2000-7fee8c2f3000 ---p 00000000 00:00 0 
7fee8c2f3000-7fee8c3f3000 rw-p 00000000 00:00 0 
7fee8c3f3000-7fee8c3f4000 ---p 00000000 00:00 0 
7fee8c3f4000-7fee8c4f4000 rw-p 00000000 00:00 0 
7fee8c4f4000-7fee8c4f5000 ---p 00000000 00:00 0 
7fee8c4f5000-7fee8c615000 rw-p 00000000 00:00 0 
7fee8c615000-7fee8c7e4000 ---p 00000000 00:00 0 
7fee8c7e4000-7fee8c804000 rw-p 00000000 00:00 0 
7fee8c804000-7fee8c9d2000 ---p 00000000 00:00 0 
7fee8c9d2000-7fee8c9e3000 rw-p 00000000 00:00 0 
7fee8c9e3000-7fee8caca000 ---p 00000000 00:00 0 
7fee8caca000-7fee8cad5000 rw-p 00000000 00:00 0 
7fee8cad5000-7fee8ce8b000 ---p 00000000 00:00 0 
7fee8ce8b000-7fee8ce8e000 r--p 00000000 08:05 3803276                    /usr/lib/x86_64-linux-gnu/libnss_files-2.31.so
7fee8ce8e000-7fee8ce95000 r-xp 00003000 08:05 3803276                    /usr/lib/x86_64-linux-gnu/libnss_files-2.31.so
7fee8ce95000-7fee8ce97000 r--p 0000a000 08:05 3803276                    /usr/lib/x86_64-linux-gnu/libnss_files-2.31.so
7fee8ce97000-7fee8ce98000 r--p 0000b000 08:05 3803276                    /usr/lib/x86_64-linux-gnu/libnss_files-2.31.so
7fee8ce98000-7fee8ce99000 rw-p 0000c000 08:05 3803276                    /usr/lib/x86_64-linux-gnu/libnss_files-2.31.so
7fee8ce99000-7fee8ce9f000 rw-p 00000000 00:00 0 
7fee8ce9f000-7fee8cea1000 r--s 00010000 08:05 3804712                    /usr/lib/jvm/java-8-openjdk-amd64/jre/lib/ext/zipfs.jar
7fee8cea1000-7fee8cea4000 r--s 0000f000 08:05 3804705                    /usr/lib/jvm/java-8-openjdk-amd64/jre/lib/ext/icedtea-sound.jar
7fee8cea4000-7fee8cea7000 r--p 00000000 08:05 3804689                    /usr/lib/jvm/java-8-openjdk-amd64/jre/lib/amd64/libzip.so
7fee8cea7000-7fee8ceac000 r-xp 00003000 08:05 3804689                    /usr/lib/jvm/java-8-openjdk-amd64/jre/lib/amd64/libzip.so
7fee8ceac000-7fee8ceae000 r--p 00008000 08:05 3804689                    /usr/lib/jvm/java-8-openjdk-amd64/jre/lib/amd64/libzip.so
7fee8ceae000-7fee8ceaf000 r--p 00009000 08:05 3804689                    /usr/lib/jvm/java-8-openjdk-amd64/jre/lib/amd64/libzip.so
7fee8ceaf000-7fee8ceb0000 rw-p 0000a000 08:05 3804689                    /usr/lib/jvm/java-8-openjdk-amd64/jre/lib/amd64/libzip.so
7fee8ceb0000-7fee8cebd000 r--p 00000000 08:05 3804669                    /usr/lib/jvm/java-8-openjdk-amd64/jre/lib/amd64/libjava.so
7fee8cebd000-7fee8ced5000 r-xp 0000d000 08:05 3804669                    /usr/lib/jvm/java-8-openjdk-amd64/jre/lib/amd64/libjava.so
7fee8ced5000-7fee8cedc000 r--p 00025000 08:05 3804669                    /usr/lib/jvm/java-8-openjdk-amd64/jre/lib/amd64/libjava.so
7fee8cedc000-7fee8cedd000 r--p 0002b000 08:05 3804669                    /usr/lib/jvm/java-8-openjdk-amd64/jre/lib/amd64/libjava.so
7fee8cedd000-7fee8cedf000 rw-p 0002c000 08:05 3804669                    /usr/lib/jvm/java-8-openjdk-amd64/jre/lib/amd64/libjava.so
7fee8cedf000-7fee8cee4000 r--p 00000000 08:05 3804688                    /usr/lib/jvm/java-8-openjdk-amd64/jre/lib/amd64/libverify.so
7fee8cee4000-7fee8ceed000 r-xp 00005000 08:05 3804688                    /usr/lib/jvm/java-8-openjdk-amd64/jre/lib/amd64/libverify.so
7fee8ceed000-7fee8ceef000 r--p 0000e000 08:05 3804688                    /usr/lib/jvm/java-8-openjdk-amd64/jre/lib/amd64/libverify.so
7fee8ceef000-7fee8cef1000 r--p 0000f000 08:05 3804688                    /usr/lib/jvm/java-8-openjdk-amd64/jre/lib/amd64/libverify.so
7fee8cef1000-7fee8cef2000 rw-p 00011000 08:05 3804688                    /usr/lib/jvm/java-8-openjdk-amd64/jre/lib/amd64/libverify.so
7fee8cef2000-7fee8cef4000 r--p 00000000 08:05 3803283                    /usr/lib/x86_64-linux-gnu/librt-2.31.so
7fee8cef4000-7fee8cef8000 r-xp 00002000 08:05 3803283                    /usr/lib/x86_64-linux-gnu/librt-2.31.so
7fee8cef8000-7fee8cefa000 r--p 00006000 08:05 3803283                    /usr/lib/x86_64-linux-gnu/librt-2.31.so
7fee8cefa000-7fee8cefb000 r--p 00007000 08:05 3803283                    /usr/lib/x86_64-linux-gnu/librt-2.31.so
7fee8cefb000-7fee8cefc000 rw-p 00008000 08:05 3803283                    /usr/lib/x86_64-linux-gnu/librt-2.31.so
7fee8cefc000-7fee8cefd000 ---p 00000000 00:00 0 
7fee8cefd000-7fee8cf00000 ---p 00000000 00:00 0 
7fee8cf00000-7fee8cffd000 rw-p 00000000 00:00 0 
7fee8cffd000-7fee8d000000 r--p 00000000 08:05 3808948                    /usr/lib/x86_64-linux-gnu/libgcc_s.so.1
7fee8d000000-7fee8d012000 r-xp 00003000 08:05 3808948                    /usr/lib/x86_64-linux-gnu/libgcc_s.so.1
7fee8d012000-7fee8d016000 r--p 00015000 08:05 3808948                    /usr/lib/x86_64-linux-gnu/libgcc_s.so.1
7fee8d016000-7fee8d017000 r--p 00018000 08:05 3808948                    /usr/lib/x86_64-linux-gnu/libgcc_s.so.1
7fee8d017000-7fee8d018000 rw-p 00019000 08:05 3808948                    /usr/lib/x86_64-linux-gnu/libgcc_s.so.1
7fee8d018000-7fee8d025000 r--p 00000000 08:05 3803270                    /usr/lib/x86_64-linux-gnu/libm-2.31.so
7fee8d025000-7fee8d0cc000 r-xp 0000d000 08:05 3803270                    /usr/lib/x86_64-linux-gnu/libm-2.31.so
7fee8d0cc000-7fee8d165000 r--p 000b4000 08:05 3803270                    /usr/lib/x86_64-linux-gnu/libm-2.31.so
7fee8d165000-7fee8d166000 r--p 0014c000 08:05 3803270                    /usr/lib/x86_64-linux-gnu/libm-2.31.so
7fee8d166000-7fee8d167000 rw-p 0014d000 08:05 3803270                    /usr/lib/x86_64-linux-gnu/libm-2.31.so
7fee8d167000-7fee8d1fd000 r--p 00000000 08:05 3809737                    /usr/lib/x86_64-linux-gnu/libstdc++.so.6.0.28
7fee8d1fd000-7fee8d2ee000 r-xp 00096000 08:05 3809737                    /usr/lib/x86_64-linux-gnu/libstdc++.so.6.0.28
7fee8d2ee000-7fee8d337000 r--p 00187000 08:05 3809737                    /usr/lib/x86_64-linux-gnu/libstdc++.so.6.0.28
7fee8d337000-7fee8d338000 ---p 001d0000 08:05 3809737                    /usr/lib/x86_64-linux-gnu/libstdc++.so.6.0.28
7fee8d338000-7fee8d343000 r--p 001d0000 08:05 3809737                    /usr/lib/x86_64-linux-gnu/libstdc++.so.6.0.28
7fee8d343000-7fee8d346000 rw-p 001db000 08:05 3809737                    /usr/lib/x86_64-linux-gnu/libstdc++.so.6.0.28
7fee8d346000-7fee8d349000 rw-p 00000000 00:00 0 
7fee8d349000-7fee8d53e000 r--p 00000000 08:05 3804692                    /usr/lib/jvm/java-8-openjdk-amd64/jre/lib/amd64/server/libjvm.so
7fee8d53e000-7fee8dea7000 r-xp 001f5000 08:05 3804692                    /usr/lib/jvm/java-8-openjdk-amd64/jre/lib/amd64/server/libjvm.so
7fee8dea7000-7fee8e059000 r--p 00b5e000 08:05 3804692                    /usr/lib/jvm/java-8-openjdk-amd64/jre/lib/amd64/server/libjvm.so
7fee8e059000-7fee8e0ef000 r--p 00d0f000 08:05 3804692                    /usr/lib/jvm/java-8-openjdk-amd64/jre/lib/amd64/server/libjvm.so
7fee8e0ef000-7fee8e118000 rw-p 00da5000 08:05 3804692                    /usr/lib/jvm/java-8-openjdk-amd64/jre/lib/amd64/server/libjvm.so
7fee8e118000-7fee8e14d000 rw-p 00000000 00:00 0 
7fee8e14d000-7fee8e153000 r--p 00000000 08:05 3803281                    /usr/lib/x86_64-linux-gnu/libpthread-2.31.so
7fee8e153000-7fee8e164000 r-xp 00006000 08:05 3803281                    /usr/lib/x86_64-linux-gnu/libpthread-2.31.so
7fee8e164000-7fee8e16a000 r--p 00017000 08:05 3803281                    /usr/lib/x86_64-linux-gnu/libpthread-2.31.so
7fee8e16a000-7fee8e16b000 r--p 0001c000 08:05 3803281                    /usr/lib/x86_64-linux-gnu/libpthread-2.31.so
7fee8e16b000-7fee8e16c000 rw-p 0001d000 08:05 3803281                    /usr/lib/x86_64-linux-gnu/libpthread-2.31.so
7fee8e16c000-7fee8e170000 rw-p 00000000 00:00 0 
7fee8e170000-7fee8e171000 r--p 00000000 08:05 3803269                    /usr/lib/x86_64-linux-gnu/libdl-2.31.so
7fee8e171000-7fee8e173000 r-xp 00001000 08:05 3803269                    /usr/lib/x86_64-linux-gnu/libdl-2.31.so
7fee8e173000-7fee8e174000 r--p 00003000 08:05 3803269                    /usr/lib/x86_64-linux-gnu/libdl-2.31.so
7fee8e174000-7fee8e175000 r--p 00003000 08:05 3803269                    /usr/lib/x86_64-linux-gnu/libdl-2.31.so
7fee8e175000-7fee8e176000 rw-p 00004000 08:05 3803269                    /usr/lib/x86_64-linux-gnu/libdl-2.31.so
7fee8e176000-7fee8e178000 r--p 00000000 08:05 3809998                    /usr/lib/x86_64-linux-gnu/libz.so.1.2.11
7fee8e178000-7fee8e189000 r-xp 00002000 08:05 3809998                    /usr/lib/x86_64-linux-gnu/libz.so.1.2.11
7fee8e189000-7fee8e18f000 r--p 00013000 08:05 3809998                    /usr/lib/x86_64-linux-gnu/libz.so.1.2.11
7fee8e18f000-7fee8e190000 ---p 00019000 08:05 3809998                    /usr/lib/x86_64-linux-gnu/libz.so.1.2.11
7fee8e190000-7fee8e191000 r--p 00019000 08:05 3809998                    /usr/lib/x86_64-linux-gnu/libz.so.1.2.11
7fee8e191000-7fee8e192000 rw-p 0001a000 08:05 3809998                    /usr/lib/x86_64-linux-gnu/libz.so.1.2.11
7fee8e192000-7fee8e1b4000 r--p 00000000 08:05 3803268                    /usr/lib/x86_64-linux-gnu/libc-2.31.so
7fee8e1b4000-7fee8e32c000 r-xp 00022000 08:05 3803268                    /usr/lib/x86_64-linux-gnu/libc-2.31.so
7fee8e32c000-7fee8e37a000 r--p 0019a000 08:05 3803268                    /usr/lib/x86_64-linux-gnu/libc-2.31.so
7fee8e37a000-7fee8e37e000 r--p 001e7000 08:05 3803268                    /usr/lib/x86_64-linux-gnu/libc-2.31.so
7fee8e37e000-7fee8e380000 rw-p 001eb000 08:05 3803268                    /usr/lib/x86_64-linux-gnu/libc-2.31.so
7fee8e380000-7fee8e384000 rw-p 00000000 00:00 0 
7fee8e384000-7fee8e386000 r--s 00001000 08:05 3804704                    /usr/lib/jvm/java-8-openjdk-amd64/jre/lib/ext/dnsns.jar
7fee8e386000-7fee8e38c000 r--s 000d3000 08:05 3804729                    /usr/lib/jvm/java-8-openjdk-amd64/jre/lib/jfr.jar
7fee8e38c000-7fee8e394000 rw-s 00000000 08:05 2752597                    /tmp/hsperfdata_loris/5788
7fee8e394000-7fee8e395000 rw-p 00000000 00:00 0 
7fee8e395000-7fee8e398000 r--p 00000000 08:05 3804655                    /usr/lib/jvm/java-8-openjdk-amd64/jre/lib/amd64/jli/libjli.so
7fee8e398000-7fee8e3a2000 r-xp 00003000 08:05 3804655                    /usr/lib/jvm/java-8-openjdk-amd64/jre/lib/amd64/jli/libjli.so
7fee8e3a2000-7fee8e3a5000 r--p 0000d000 08:05 3804655                    /usr/lib/jvm/java-8-openjdk-amd64/jre/lib/amd64/jli/libjli.so
7fee8e3a5000-7fee8e3a6000 r--p 0000f000 08:05 3804655                    /usr/lib/jvm/java-8-openjdk-amd64/jre/lib/amd64/jli/libjli.so
7fee8e3a6000-7fee8e3a7000 rw-p 00010000 08:05 3804655                    /usr/lib/jvm/java-8-openjdk-amd64/jre/lib/amd64/jli/libjli.so
7fee8e3a7000-7fee8e3a9000 rw-p 00000000 00:00 0 
7fee8e3a9000-7fee8e3aa000 r--p 00000000 08:05 3803261                    /usr/lib/x86_64-linux-gnu/ld-2.31.so
7fee8e3aa000-7fee8e3cd000 r-xp 00001000 08:05 3803261                    /usr/lib/x86_64-linux-gnu/ld-2.31.so
7fee8e3cd000-7fee8e3d5000 r--p 00024000 08:05 3803261                    /usr/lib/x86_64-linux-gnu/ld-2.31.so
7fee8e3d5000-7fee8e3d6000 r--p 00000000 00:00 0 
7fee8e3d6000-7fee8e3d7000 r--p 0002c000 08:05 3803261                    /usr/lib/x86_64-linux-gnu/ld-2.31.so
7fee8e3d7000-7fee8e3d8000 rw-p 0002d000 08:05 3803261                    /usr/lib/x86_64-linux-gnu/ld-2.31.so
7fee8e3d8000-7fee8e3d9000 rw-p 00000000 00:00 0 
7fffbb330000-7fffbb352000 rw-p 00000000 00:00 0                          [stack]
7fffbb3bd000-7fffbb3c1000 r--p 00000000 00:00 0                          [vvar]
7fffbb3c1000-7fffbb3c3000 r-xp 00000000 00:00 0                          [vdso]
ffffffffff600000-ffffffffff601000 --xp 00000000 00:00 0                  [vsyscall]

VM Arguments:
jvm_args: -Dfile.encoding=UTF-8 
java_command: it.unibo.radarSystem22.sprint2.main.sysOnRasp.RadarSysSprint2ControllerOnRaspMain
java_class_path (initial): /home/loris/Desktop/lorisIssLab2022/it.unibo.radarSystem22/bin/default:/home/loris/.gradle/caches/modules-2/files-2.1/org.pushingpixels/trident/1.3/a90e1fe1a5f47288e5820666179397dd10ca021/trident-1.3.jar:/home/loris/.gradle/caches/modules-2/files-2.1/com.google.android/android/2.3.3/949a2bef1ffe62e81af5d8919d17dfcc1309c43c/android-2.3.3.jar:/home/loris/.gradle/caches/modules-2/files-2.1/org.json/json/20160810/aca5eb39e2a12fddd6c472b240afe9ebea3a6733/json-20160810.jar:/home/loris/Desktop/lorisIssLab2022/it.unibo.radarSystem22/libs/it.unibo.radarSystem22.domain-1.0.jar:/home/loris/Desktop/lorisIssLab2022/it.unibo.radarSystem22/libs/it.unibo.comm2022-1.0.jar:/home/loris/Desktop/lorisIssLab2022/unibolibs:/home/loris/Desktop/lorisIssLab2022/unibolibs/2p301.jar:/home/loris/Desktop/lorisIssLab2022/unibolibs/uniboInterfaces.jar:/home/loris/Desktop/lorisIssLab2022/unibolibs/unibonoawtsupports.jar:/home/loris/Desktop/lorisIssLab2022/unibolibs/radarPojo.jar:/home/loris/.gradle/caches/modules-2/files-2.1/org.eclipse.swt.gtk.linux/x86_64/3.3.0-v3346/5a7561696dc49e42713e78cb09e0563bba6b96c/x86_64-3.3.0-v3346.jar:/home/loris/.gradle/caches/modules-2/files-2.1/org.eclipse.swt.gtk.linux/x86/3.3.0-v3346/a9ce3fdc84060952a94f509442673698c3880f92/x86-3.3.0-v3346.jar:/home/loris/.gradle/caches/modules-2/files-2.1/org.apache.httpcomponents/httpclient/4.0.1/1d7d28fa738bdbfe4fbd895d9486308999bdf440/httpclient-4.0.1.jar:/home/loris/.gradle/caches/modules-2/files-2.1/commons-logging/commons-logging/1.1.1/5043bfebc3db072ed80fbd362e7caf00e885d8ae/commons-logging-1.1.1.jar:/home/loris/.gradle/caches/modules-2/files-2.1/org.khronos/opengl-api/gl1.1-android-2.1_r1/8827d279add29cf9115820671e7879de7bf80390/opengl-api-gl1.1-android-2.1_r1.jar:/home/loris/.gradle/caches/modules-2/files-2.1/xerces/xmlParserAPIs/2.6.2/65acede1e5305bd2b92213d7b5761328c6f4fd9/xmlParserAPIs-2.6.2.jar:/home/loris/.gradle/caches/modules-2/files-2.1/xpp3/xpp3/1.1.4c/9b988ea84b9e4e9f1874e390ce099b8
Launcher Type: SUN_STANDARD

Environment Variables:
PATH=/home/loris/bin:/usr/local/sbin:/usr/local/bin:/usr/sbin:/usr/bin:/sbin:/bin:/usr/games:/usr/local/games:/snap/bin:/home/loris/bin/gradle-7.4/bin
USERNAME=loris
SHELL=/bin/bash
DISPLAY=:0

Signal Handlers:
SIGSEGV: [libjvm.so+0xb373b0], sa_mask[0]=11111111011111111101111111111110, sa_flags=SA_RESTART|SA_SIGINFO
SIGBUS: [libjvm.so+0xb373b0], sa_mask[0]=11111111011111111101111111111110, sa_flags=SA_RESTART|SA_SIGINFO
SIGFPE: [libjvm.so+0x97bff0], sa_mask[0]=11111111011111111101111111111110, sa_flags=SA_RESTART|SA_SIGINFO
SIGPIPE: [libjvm.so+0x97bff0], sa_mask[0]=11111111011111111101111111111110, sa_flags=SA_RESTART|SA_SIGINFO
SIGXFSZ: [libjvm.so+0x97bff0], sa_mask[0]=11111111011111111101111111111110, sa_flags=SA_RESTART|SA_SIGINFO
SIGILL: [libjvm.so+0x97bff0], sa_mask[0]=11111111011111111101111111111110, sa_flags=SA_RESTART|SA_SIGINFO
SIGUSR1: SIG_DFL, sa_mask[0]=00000000000000000000000000000000, sa_flags=none
SIGUSR2: [libjvm.so+0x97bea0], sa_mask[0]=00100000000000000000000000000000, sa_flags=SA_RESTART|SA_SIGINFO
SIGHUP: [libjvm.so+0x97c270], sa_mask[0]=11111111011111111101111111111110, sa_flags=SA_RESTART|SA_SIGINFO
SIGINT: [libjvm.so+0x97c270], sa_mask[0]=11111111011111111101111111111110, sa_flags=SA_RESTART|SA_SIGINFO
SIGTERM: [libjvm.so+0x97c270], sa_mask[0]=11111111011111111101111111111110, sa_flags=SA_RESTART|SA_SIGINFO
SIGQUIT: [libjvm.so+0x97c270], sa_mask[0]=11111111011111111101111111111110, sa_flags=SA_RESTART|SA_SIGINFO


---------------  S Y S T E M  ---------------

OS:DISTRIB_ID=Ubuntu
DISTRIB_RELEASE=20.04
DISTRIB_CODENAME=focal
DISTRIB_DESCRIPTION="Ubuntu 20.04.4 LTS"

uname:Linux 5.13.0-35-generic #40~20.04.1-Ubuntu SMP Mon Mar 7 09:18:32 UTC 2022 x86_64
libc:glibc 2.31 NPTL 2.31 
rlimit: STACK 8192k, CORE 0k, NPROC 23480, NOFILE 1048576, AS infinity
load average:1,33 0,78 0,58

/proc/meminfo:
MemTotal:        6077928 kB
MemFree:          624276 kB
MemAvailable:    1689012 kB
Buffers:           56844 kB
Cached:          1204008 kB
SwapCached:           88 kB
Active:           882268 kB
Inactive:        4314808 kB
Active(anon):      11676 kB
Inactive(anon):  3956328 kB
Active(file):     870592 kB
Inactive(file):   358480 kB
Unevictable:         176 kB
Mlocked:             176 kB
SwapTotal:       2097148 kB
SwapFree:        2094564 kB
Dirty:               224 kB
Writeback:             0 kB
AnonPages:       3936436 kB
Mapped:           468768 kB
Shmem:             33372 kB
KReclaimable:      92428 kB
Slab:             167192 kB
SReclaimable:      92428 kB
SUnreclaim:        74764 kB
KernelStack:       13328 kB
PageTables:        28044 kB
NFS_Unstable:          0 kB
Bounce:                0 kB
WritebackTmp:          0 kB
CommitLimit:     5136112 kB
Committed_AS:    8353216 kB
VmallocTotal:   34359738367 kB
VmallocUsed:       32736 kB
VmallocChunk:          0 kB
Percpu:             4064 kB
HardwareCorrupted:     0 kB
AnonHugePages:         0 kB
ShmemHugePages:        0 kB
ShmemPmdMapped:        0 kB
FileHugePages:         0 kB
FilePmdMapped:         0 kB
HugePages_Total:       0
HugePages_Free:        0
HugePages_Rsvd:        0
HugePages_Surp:        0
Hugepagesize:       2048 kB
Hugetlb:               0 kB
DirectMap4k:      186304 kB
DirectMap2M:     6105088 kB

container (cgroup) information:
container_type: cgroupv1
cpu_cpuset_cpus: 0-3
cpu_memory_nodes: 0
active_processor_count: 4
cpu_quota: -1
cpu_period: 100000
cpu_shares: -1
memory_limit_in_bytes: -1
memory_and_swap_limit_in_bytes: -1
memory_soft_limit_in_bytes: -1
memory_usage_in_bytes: 4289388544
memory_max_usage_in_bytes: 4804050944


CPU:total 4 (initial active 4) (4 cores per cpu, 1 threads per core) family 6 model 142 stepping 10, cmov, cx8, fxsr, mmx, sse, sse2, sse3, ssse3, sse4.1, sse4.2, popcnt, avx, avx2, aes, clmul, 3dnowpref, lzcnt, tsc, tscinvbit

/proc/cpuinfo:
processor	: 0
vendor_id	: GenuineIntel
cpu family	: 6
model		: 142
model name	: Intel(R) Core(TM) i5-8250U CPU @ 1.60GHz
stepping	: 10
cpu MHz		: 1800.002
cache size	: 6144 KB
physical id	: 0
siblings	: 4
core id		: 0
cpu cores	: 4
apicid		: 0
initial apicid	: 0
fpu		: yes
fpu_exception	: yes
cpuid level	: 22
wp		: yes
flags		: fpu vme de pse tsc msr pae mce cx8 apic sep mtrr pge mca cmov pat pse36 clflush mmx fxsr sse sse2 ht syscall nx rdtscp lm constant_tsc rep_good nopl xtopology nonstop_tsc cpuid tsc_known_freq pni pclmulqdq ssse3 cx16 pcid sse4_1 sse4_2 movbe popcnt aes xsave avx rdrand hypervisor lahf_lm abm 3dnowprefetch invpcid_single pti fsgsbase avx2 invpcid rdseed clflushopt md_clear flush_l1d
bugs		: cpu_meltdown spectre_v1 spectre_v2 spec_store_bypass l1tf mds swapgs itlb_multihit srbds
bogomips	: 3600.00
clflush size	: 64
cache_alignment	: 64
address sizes	: 39 bits physical, 48 bits virtual
power management:

processor	: 1
vendor_id	: GenuineIntel
cpu family	: 6
model		: 142
model name	: Intel(R) Core(TM) i5-8250U CPU @ 1.60GHz
stepping	: 10
cpu MHz		: 1800.002
cache size	: 6144 KB
physical id	: 0
siblings	: 4
core id		: 1
cpu cores	: 4
apicid		: 1
initial apicid	: 1
fpu		: yes
fpu_exception	: yes
cpuid level	: 22
wp		: yes
flags		: fpu vme de pse tsc msr pae mce cx8 apic sep mtrr pge mca cmov pat pse36 clflush mmx fxsr sse sse2 ht syscall nx rdtscp lm constant_tsc rep_good nopl xtopology nonstop_tsc cpuid tsc_known_freq pni pclmulqdq ssse3 cx16 pcid sse4_1 sse4_2 movbe popcnt aes xsave avx rdrand hypervisor lahf_lm abm 3dnowprefetch invpcid_single pti fsgsbase avx2 invpcid rdseed clflushopt md_clear flush_l1d
bugs		: cpu_meltdown spectre_v1 spectre_v2 spec_store_bypass l1tf mds swapgs itlb_multihit srbds
bogomips	: 3600.00
clflush size	: 64
cache_alignment	: 64
address sizes	: 39 bits physical, 48 bits virtual
power management:

processor	: 2
vendor_id	: GenuineIntel
cpu family	: 6
model		: 142
model name	: Intel(R) Core(TM) i5-8250U CPU @ 1.60GHz
stepping	: 10
cpu MHz		: 1800.002
cache size	: 6144 KB
physical id	: 0
siblings	: 4
core id		: 2
cpu cores	: 4
apicid		: 2
initial apicid	: 2
fpu		: yes
fpu_exception	: yes
cpuid level	: 22
wp		: yes
flags		: fpu vme de pse tsc msr pae mce cx8 apic sep mtrr pge mca cmov pat pse36 clflush mmx fxsr sse sse2 ht syscall nx rdtscp lm constant_tsc rep_good nopl xtopology nonstop_tsc cpuid tsc_known_freq pni pclmulqdq ssse3 cx16 pcid sse4_1 sse4_2 movbe popcnt aes xsave avx rdrand hypervisor lahf_lm abm 3dnowprefetch invpcid_single pti fsgsbase avx2 invpcid rdseed clflushopt md_clear flush_l1d
bugs		: cpu_meltdown spectre_v1 spectre_v2 spec_store_bypass l1tf mds swapgs itlb_multihit srbds
bogomips	: 3600.00
clflush size	: 64
cache_alignment	: 64
address sizes	: 39 bits physical, 48 bits virtual
power management:

processor	: 3
vendor_id	: GenuineIntel
cpu family	: 6
model		: 142
model name	: Intel(R) Core(TM) i5-8250U CPU @ 1.60GHz
stepping	: 10
cpu MHz		: 1800.002
cache size	: 6144 KB
physical id	: 0
siblings	: 4
core id		: 3
cpu cores	: 4
apicid		: 3
initial apicid	: 3
fpu		: yes
fpu_exception	: yes
cpuid level	: 22
wp		: yes
flags		: fpu vme de pse tsc msr pae mce cx8 apic sep mtrr pge mca cmov pat pse36 clflush mmx fxsr sse sse2 ht syscall nx rdtscp lm constant_tsc rep_good nopl xtopology nonstop_tsc cpuid tsc_known_freq pni pclmulqdq ssse3 cx16 pcid sse4_1 sse4_2 movbe popcnt aes xsave avx rdrand hypervisor lahf_lm abm 3dnowprefetch invpcid_single pti fsgsbase avx2 invpcid rdseed clflushopt md_clear flush_l1d
bugs		: cpu_meltdown spectre_v1 spectre_v2 spec_store_bypass l1tf mds swapgs itlb_multihit srbds
bogomips	: 3600.00
clflush size	: 64
cache_alignment	: 64
address sizes	: 39 bits physical, 48 bits virtual
power management:



Memory: 4k page, physical 6077928k(624276k free), swap 2097148k(2094564k free)

vm_info: OpenJDK 64-Bit Server VM (25.312-b07) for linux-amd64 JRE (1.8.0_312-8u312-b07-0ubuntu1~20.04-b07), built on Nov  3 2021 13:54:59 by "buildd" with gcc 9.3.0

time: Sat Mar 19 11:50:06 2022
timezone: CET
elapsed time: 0.971540 seconds (0d 0h 0m 0s)

